#
# A fatal error has been detected by the Java Runtime Environment:
#
#  EXCEPTION_ACCESS_VIOLATION (0xc0000005) at pc=0x00007ffeaabf36f0, pid=8384, tid=4940
#
# JRE version: Java(TM) SE Runtime Environment (17.0.7+8) (build 17.0.7+8-LTS-224)
# Java VM: Java HotSpot(TM) 64-Bit Server VM (17.0.7+8-LTS-224, mixed mode, sharing, tiered, compressed oops, compressed class ptrs, g1 gc, windows-amd64)
# Problematic frame:
# V  [jvm.dll+0x6636f0]
#
# No core dump will be written. Minidumps are not enabled by default on client versions of Windows
#
# If you would like to submit a bug report, please visit:
#   https://bugreport.java.com/bugreport/crash.jsp
#

---------------  S U M M A R Y ------------

Command Line: -XX:+ShowCodeDetailsInExceptionMessages -agentlib:jdwp=transport=dt_socket,suspend=y,address=localhost:50465 -ea -javaagent:C:\Users\55219\eclipse\jee-2023-03\eclipse\configuration\org.eclipse.osgi\424\0\.cp\lib\javaagent-shaded.jar -Dfile.encoding=UTF-8 org.eclipse.jdt.internal.junit.runner.RemoteTestRunner -version 3 -port 50464 -testLoaderClass org.eclipse.jdt.internal.junit5.runner.JUnit5TestLoader -loaderpluginname org.eclipse.jdt.junit5.runtime -test com.spring.agenciaDeViagens.controller.TravelPackageControllerIntegrationTest:saveTravelPackage_should_ReturnBadRequest_when_PriceIsNegative -uniqueId [engine:junit-jupiter]/[class:com.spring.agenciaDeViagens.controller.TravelPackageControllerIntegrationTest]/[method:saveTravelPackage_should_ReturnBadRequest_when_PriceIsNegative()]

Host: Intel(R) Celeron(R) 6305 @ 1.80GHz, 2 cores, 3G,  Windows 10 , 64 bit Build 19041 (10.0.19041.3636)
Time: Fri Dec 15 14:04:38 2023 Hora oficial do Brasil elapsed time: 22.765269 seconds (0d 0h 0m 22s)

---------------  T H R E A D  ---------------

Current thread (0x000002158a1446c0):  JavaThread "main" [_thread_in_vm, id=4940, stack(0x0000001f42d00000,0x0000001f42e00000)]

Stack: [0x0000001f42d00000,0x0000001f42e00000],  sp=0x0000001f42dfa0f8,  free space=1000k
Native frames: (J=compiled Java code, j=interpreted, Vv=VM code, C=native code)
V  [jvm.dll+0x6636f0]

Java frames: (J=compiled Java code, j=interpreted, Vv=VM code)
j  com.spring.agenciaDeViagens.service.TravelPackageService.saveTravelPackage(Lcom/spring/agenciaDeViagens/controller/dto/TravelPackageRequest;)Lcom/spring/agenciaDeViagens/controller/dto/TravelPackageResponse;+26
j  com.spring.agenciaDeViagens.controller.TravelPackageController.saveTravelPackage(Lcom/spring/agenciaDeViagens/controller/dto/TravelPackageRequest;)Lorg/springframework/http/ResponseEntity;+5
v  ~StubRoutines::call_stub
J 4033  jdk.internal.reflect.NativeMethodAccessorImpl.invoke0(Ljava/lang/reflect/Method;Ljava/lang/Object;[Ljava/lang/Object;)Ljava/lang/Object; java.base@17.0.7 (0 bytes) @ 0x000002159967b527 [0x000002159967b4a0+0x0000000000000087]
J 5528 c1 jdk.internal.reflect.NativeMethodAccessorImpl.invoke(Ljava/lang/Object;[Ljava/lang/Object;)Ljava/lang/Object; java.base@17.0.7 (137 bytes) @ 0x0000021592058a1c [0x0000021592058700+0x000000000000031c]
J 4173 c2 jdk.internal.reflect.DelegatingMethodAccessorImpl.invoke(Ljava/lang/Object;[Ljava/lang/Object;)Ljava/lang/Object; java.base@17.0.7 (10 bytes) @ 0x00000215996a3850 [0x00000215996a3800+0x0000000000000050]
J 4913 c1 java.lang.reflect.Method.invoke(Ljava/lang/Object;[Ljava/lang/Object;)Ljava/lang/Object; java.base@17.0.7 (65 bytes) @ 0x000002159225aba4 [0x000002159225aa60+0x0000000000000144]
j  org.springframework.aop.support.AopUtils.invokeJoinpointUsingReflection(Ljava/lang/Object;Ljava/lang/reflect/Method;[Ljava/lang/Object;)Ljava/lang/Object;+7
j  org.springframework.aop.framework.ReflectiveMethodInvocation.invokeJoinpoint()Ljava/lang/Object;+12
j  org.springframework.aop.framework.ReflectiveMethodInvocation.proceed()Ljava/lang/Object;+19
j  org.springframework.aop.framework.CglibAopProxy$CglibMethodInvocation.proceed()Ljava/lang/Object;+1
j  org.springframework.validation.beanvalidation.MethodValidationInterceptor.invoke(Lorg/aopalliance/intercept/MethodInvocation;)Ljava/lang/Object;+185
j  org.springframework.aop.framework.ReflectiveMethodInvocation.proceed()Ljava/lang/Object;+120
j  org.springframework.aop.framework.CglibAopProxy$CglibMethodInvocation.proceed()Ljava/lang/Object;+1
j  org.springframework.aop.framework.CglibAopProxy$DynamicAdvisedInterceptor.intercept(Ljava/lang/Object;Ljava/lang/reflect/Method;[Ljava/lang/Object;Lorg/springframework/cglib/proxy/MethodProxy;)Ljava/lang/Object;+122
j  com.spring.agenciaDeViagens.controller.TravelPackageController$$SpringCGLIB$$0.saveTravelPackage(Lcom/spring/agenciaDeViagens/controller/dto/TravelPackageRequest;)Lorg/springframework/http/ResponseEntity;+36
v  ~StubRoutines::call_stub
J 4033  jdk.internal.reflect.NativeMethodAccessorImpl.invoke0(Ljava/lang/reflect/Method;Ljava/lang/Object;[Ljava/lang/Object;)Ljava/lang/Object; java.base@17.0.7 (0 bytes) @ 0x000002159967b527 [0x000002159967b4a0+0x0000000000000087]
J 5528 c1 jdk.internal.reflect.NativeMethodAccessorImpl.invoke(Ljava/lang/Object;[Ljava/lang/Object;)Ljava/lang/Object; java.base@17.0.7 (137 bytes) @ 0x0000021592058a1c [0x0000021592058700+0x000000000000031c]
J 4173 c2 jdk.internal.reflect.DelegatingMethodAccessorImpl.invoke(Ljava/lang/Object;[Ljava/lang/Object;)Ljava/lang/Object; java.base@17.0.7 (10 bytes) @ 0x00000215996a3850 [0x00000215996a3800+0x0000000000000050]
J 4913 c1 java.lang.reflect.Method.invoke(Ljava/lang/Object;[Ljava/lang/Object;)Ljava/lang/Object; java.base@17.0.7 (65 bytes) @ 0x000002159225aba4 [0x000002159225aa60+0x0000000000000144]
j  org.springframework.web.method.support.InvocableHandlerMethod.doInvoke([Ljava/lang/Object;)Ljava/lang/Object;+29
j  org.springframework.web.method.support.InvocableHandlerMethod.invokeForRequest(Lorg/springframework/web/context/request/NativeWebRequest;Lorg/springframework/web/method/support/ModelAndViewContainer;[Ljava/lang/Object;)Ljava/lang/Object;+41
j  org.springframework.web.servlet.mvc.method.annotation.ServletInvocableHandlerMethod.invokeAndHandle(Lorg/springframework/web/context/request/ServletWebRequest;Lorg/springframework/web/method/support/ModelAndViewContainer;[Ljava/lang/Object;)V+4
j  org.springframework.web.servlet.mvc.method.annotation.RequestMappingHandlerAdapter.invokeHandlerMethod(Ljakarta/servlet/http/HttpServletRequest;Ljakarta/servlet/http/HttpServletResponse;Lorg/springframework/web/method/HandlerMethod;)Lorg/springframework/web/servlet/ModelAndView;+244
j  org.springframework.web.servlet.mvc.method.annotation.RequestMappingHandlerAdapter.handleInternal(Ljakarta/servlet/http/HttpServletRequest;Ljakarta/servlet/http/HttpServletResponse;Lorg/springframework/web/method/HandlerMethod;)Lorg/springframework/web/servlet/ModelAndView;+81
j  org.springframework.web.servlet.mvc.method.AbstractHandlerMethodAdapter.handle(Ljakarta/servlet/http/HttpServletRequest;Ljakarta/servlet/http/HttpServletResponse;Ljava/lang/Object;)Lorg/springframework/web/servlet/ModelAndView;+7
j  org.springframework.web.servlet.DispatcherServlet.doDispatch(Ljakarta/servlet/http/HttpServletRequest;Ljakarta/servlet/http/HttpServletResponse;)V+259
j  org.springframework.web.servlet.DispatcherServlet.doService(Ljakarta/servlet/http/HttpServletRequest;Ljakarta/servlet/http/HttpServletResponse;)V+242
j  org.springframework.web.servlet.FrameworkServlet.processRequest(Ljakarta/servlet/http/HttpServletRequest;Ljakarta/servlet/http/HttpServletResponse;)V+70
j  org.springframework.web.servlet.FrameworkServlet.doPost(Ljakarta/servlet/http/HttpServletRequest;Ljakarta/servlet/http/HttpServletResponse;)V+3
j  jakarta.servlet.http.HttpServlet.service(Ljakarta/servlet/http/HttpServletRequest;Ljakarta/servlet/http/HttpServletResponse;)V+149
j  org.springframework.web.servlet.FrameworkServlet.service(Ljakarta/servlet/http/HttpServletRequest;Ljakarta/servlet/http/HttpServletResponse;)V+20
j  org.springframework.test.web.servlet.TestDispatcherServlet.service(Ljakarta/servlet/http/HttpServletRequest;Ljakarta/servlet/http/HttpServletResponse;)V+8
j  jakarta.servlet.http.HttpServlet.service(Ljakarta/servlet/ServletRequest;Ljakarta/servlet/ServletResponse;)V+36
j  org.springframework.mock.web.MockFilterChain$ServletFilterProxy.doFilter(Ljakarta/servlet/ServletRequest;Ljakarta/servlet/ServletResponse;Ljakarta/servlet/FilterChain;)V+6
j  org.springframework.mock.web.MockFilterChain.doFilter(Ljakarta/servlet/ServletRequest;Ljakarta/servlet/ServletResponse;)V+78
j  org.springframework.test.web.servlet.MockMvc.perform(Lorg/springframework/test/web/servlet/RequestBuilder;)Lorg/springframework/test/web/servlet/ResultActions;+190
j  com.spring.agenciaDeViagens.controller.TravelPackageControllerIntegrationTest.saveTravelPackage_should_ReturnBadRequest_when_PriceIsNegative()V+38
v  ~StubRoutines::call_stub
J 4033  jdk.internal.reflect.NativeMethodAccessorImpl.invoke0(Ljava/lang/reflect/Method;Ljava/lang/Object;[Ljava/lang/Object;)Ljava/lang/Object; java.base@17.0.7 (0 bytes) @ 0x000002159967b527 [0x000002159967b4a0+0x0000000000000087]
J 5528 c1 jdk.internal.reflect.NativeMethodAccessorImpl.invoke(Ljava/lang/Object;[Ljava/lang/Object;)Ljava/lang/Object; java.base@17.0.7 (137 bytes) @ 0x0000021592058a1c [0x0000021592058700+0x000000000000031c]
J 4173 c2 jdk.internal.reflect.DelegatingMethodAccessorImpl.invoke(Ljava/lang/Object;[Ljava/lang/Object;)Ljava/lang/Object; java.base@17.0.7 (10 bytes) @ 0x00000215996a3850 [0x00000215996a3800+0x0000000000000050]
J 4913 c1 java.lang.reflect.Method.invoke(Ljava/lang/Object;[Ljava/lang/Object;)Ljava/lang/Object; java.base@17.0.7 (65 bytes) @ 0x000002159225aba4 [0x000002159225aa60+0x0000000000000144]
j  org.junit.platform.commons.util.ReflectionUtils.invokeMethod(Ljava/lang/reflect/Method;Ljava/lang/Object;[Ljava/lang/Object;)Ljava/lang/Object;+42
j  org.junit.jupiter.engine.execution.MethodInvocation.proceed()Ljava/lang/Object;+16
j  org.junit.jupiter.engine.execution.InvocationInterceptorChain$ValidatingInvocation.proceed()Ljava/lang/Object;+8
j  org.junit.jupiter.engine.extension.TimeoutExtension.intercept(Lorg/junit/jupiter/api/extension/InvocationInterceptor$Invocation;Lorg/junit/jupiter/api/extension/ReflectiveInvocationContext;Lorg/junit/jupiter/api/extension/ExtensionContext;Lorg/junit/jupiter/engine/extension/TimeoutDuration;Lorg/junit/jupiter/engine/extension/TimeoutExtension$TimeoutProvider;)Ljava/lang/Object;+28
j  org.junit.jupiter.engine.extension.TimeoutExtension.interceptTestableMethod(Lorg/junit/jupiter/api/extension/InvocationInterceptor$Invocation;Lorg/junit/jupiter/api/extension/ReflectiveInvocationContext;Lorg/junit/jupiter/api/extension/ExtensionContext;Lorg/junit/jupiter/engine/extension/TimeoutExtension$TimeoutProvider;)Ljava/lang/Object;+31
j  org.junit.jupiter.engine.extension.TimeoutExtension.interceptTestMethod(Lorg/junit/jupiter/api/extension/InvocationInterceptor$Invocation;Lorg/junit/jupiter/api/extension/ReflectiveInvocationContext;Lorg/junit/jupiter/api/extension/ExtensionContext;)V+9
j  org.junit.jupiter.engine.descriptor.TestMethodTestDescriptor$$Lambda$161+0x0000000800c999f8.apply(Lorg/junit/jupiter/api/extension/InvocationInterceptor;Lorg/junit/jupiter/api/extension/InvocationInterceptor$Invocation;Lorg/junit/jupiter/api/extension/ReflectiveInvocationContext;Lorg/junit/jupiter/api/extension/ExtensionContext;)V+5
j  org.junit.jupiter.engine.execution.InterceptingExecutableInvoker$ReflectiveInterceptorCall.lambda$ofVoidMethod$0(Lorg/junit/jupiter/engine/execution/InterceptingExecutableInvoker$ReflectiveInterceptorCall$VoidMethodInterceptorCall;Lorg/junit/jupiter/api/extension/InvocationInterceptor;Lorg/junit/jupiter/api/extension/InvocationInterceptor$Invocation;Lorg/junit/jupiter/api/extension/ReflectiveInvocationContext;Lorg/junit/jupiter/api/extension/ExtensionContext;)Ljava/lang/Void;+6
j  org.junit.jupiter.engine.execution.InterceptingExecutableInvoker$ReflectiveInterceptorCall$$Lambda$162+0x0000000800ca4000.apply(Lorg/junit/jupiter/api/extension/InvocationInterceptor;Lorg/junit/jupiter/api/extension/InvocationInterceptor$Invocation;Lorg/junit/jupiter/api/extension/ReflectiveInvocationContext;Lorg/junit/jupiter/api/extension/ExtensionContext;)Ljava/lang/Object;+9
j  org.junit.jupiter.engine.execution.InterceptingExecutableInvoker.lambda$invoke$0(Lorg/junit/jupiter/engine/execution/InterceptingExecutableInvoker$ReflectiveInterceptorCall;Lorg/junit/jupiter/api/extension/ReflectiveInvocationContext;Lorg/junit/jupiter/api/extension/ExtensionContext;Lorg/junit/jupiter/api/extension/InvocationInterceptor;Lorg/junit/jupiter/api/extension/InvocationInterceptor$Invocation;)Ljava/lang/Object;+6
j  org.junit.jupiter.engine.execution.InterceptingExecutableInvoker$$Lambda$455+0x0000000800da4488.apply(Lorg/junit/jupiter/api/extension/InvocationInterceptor;Lorg/junit/jupiter/api/extension/InvocationInterceptor$Invocation;)Ljava/lang/Object;+14
j  org.junit.jupiter.engine.execution.InvocationInterceptorChain$InterceptedInvocation.proceed()Ljava/lang/Object;+12
j  org.junit.jupiter.engine.execution.InvocationInterceptorChain.proceed(Lorg/junit/jupiter/api/extension/InvocationInterceptor$Invocation;)Ljava/lang/Object;+1
j  org.junit.jupiter.engine.execution.InvocationInterceptorChain.chainAndInvoke(Lorg/junit/jupiter/api/extension/InvocationInterceptor$Invocation;Lorg/junit/jupiter/engine/execution/InvocationInterceptorChain$InterceptorCall;Ljava/util/List;)Ljava/lang/Object;+24
j  org.junit.jupiter.engine.execution.InvocationInterceptorChain.invoke(Lorg/junit/jupiter/api/extension/InvocationInterceptor$Invocation;Lorg/junit/jupiter/engine/extension/ExtensionRegistry;Lorg/junit/jupiter/engine/execution/InvocationInterceptorChain$InterceptorCall;)Ljava/lang/Object;+31
j  org.junit.jupiter.engine.execution.InterceptingExecutableInvoker.invoke(Lorg/junit/jupiter/api/extension/InvocationInterceptor$Invocation;Lorg/junit/jupiter/api/extension/ReflectiveInvocationContext;Lorg/junit/jupiter/api/extension/ExtensionContext;Lorg/junit/jupiter/engine/extension/ExtensionRegistry;Lorg/junit/jupiter/engine/execution/InterceptingExecutableInvoker$ReflectiveInterceptorCall;)Ljava/lang/Object;+15
j  org.junit.jupiter.engine.execution.InterceptingExecutableInvoker.invoke(Ljava/lang/reflect/Method;Ljava/lang/Object;Lorg/junit/jupiter/api/extension/ExtensionContext;Lorg/junit/jupiter/engine/extension/ExtensionRegistry;Lorg/junit/jupiter/engine/execution/InterceptingExecutableInvoker$ReflectiveInterceptorCall;)Ljava/lang/Object;+55
j  org.junit.jupiter.engine.descriptor.TestMethodTestDescriptor.lambda$invokeTestMethod$7(Lorg/junit/jupiter/api/extension/ExtensionContext;Lorg/junit/jupiter/engine/execution/JupiterEngineExecutionContext;)V+28
j  org.junit.jupiter.engine.descriptor.TestMethodTestDescriptor$$Lambda$1680+0x00000008015b1d50.execute()V+12
j  org.junit.platform.engine.support.hierarchical.ThrowableCollector.execute(Lorg/junit/platform/engine/support/hierarchical/ThrowableCollector$Executable;)V+1
j  org.junit.jupiter.engine.descriptor.TestMethodTestDescriptor.invokeTestMethod(Lorg/junit/jupiter/engine/execution/JupiterEngineExecutionContext;Lorg/junit/platform/engine/support/hierarchical/Node$DynamicTestExecutor;)V+21
j  org.junit.jupiter.engine.descriptor.TestMethodTestDescriptor.execute(Lorg/junit/jupiter/engine/execution/JupiterEngineExecutionContext;Lorg/junit/platform/engine/support/hierarchical/Node$DynamicTestExecutor;)Lorg/junit/jupiter/engine/execution/JupiterEngineExecutionContext;+44
j  org.junit.jupiter.engine.descriptor.TestMethodTestDescriptor.execute(Lorg/junit/platform/engine/support/hierarchical/EngineExecutionContext;Lorg/junit/platform/engine/support/hierarchical/Node$DynamicTestExecutor;)Lorg/junit/platform/engine/support/hierarchical/EngineExecutionContext;+6
j  org.junit.platform.engine.support.hierarchical.NodeTestTask.lambda$executeRecursively$6()V+79
j  org.junit.platform.engine.support.hierarchical.NodeTestTask$$Lambda$266+0x0000000800cbdec8.execute()V+4
j  org.junit.platform.engine.support.hierarchical.ThrowableCollector.execute(Lorg/junit/platform/engine/support/hierarchical/ThrowableCollector$Executable;)V+1
j  org.junit.platform.engine.support.hierarchical.NodeTestTask.lambda$executeRecursively$8(Lorg/junit/platform/engine/support/hierarchical/EngineExecutionContext;)V+15
j  org.junit.platform.engine.support.hierarchical.NodeTestTask$$Lambda$265+0x0000000800cbdca8.invoke(Lorg/junit/platform/engine/support/hierarchical/EngineExecutionContext;)V+5
j  org.junit.platform.engine.support.hierarchical.Node.around(Lorg/junit/platform/engine/support/hierarchical/EngineExecutionContext;Lorg/junit/platform/engine/support/hierarchical/Node$Invocation;)V+2
j  org.junit.platform.engine.support.hierarchical.NodeTestTask.lambda$executeRecursively$9()V+14
j  org.junit.platform.engine.support.hierarchical.NodeTestTask$$Lambda$264+0x0000000800cbd890.execute()V+4
j  org.junit.platform.engine.support.hierarchical.ThrowableCollector.execute(Lorg/junit/platform/engine/support/hierarchical/ThrowableCollector$Executable;)V+1
j  org.junit.platform.engine.support.hierarchical.NodeTestTask.executeRecursively()V+31
j  org.junit.platform.engine.support.hierarchical.NodeTestTask.execute()V+55
j  org.junit.platform.engine.support.hierarchical.SameThreadHierarchicalTestExecutorService$$Lambda$270+0x0000000800cbe9b8.accept(Ljava/lang/Object;)V+4
j  java.util.ArrayList.forEach(Ljava/util/function/Consumer;)V+46 java.base@17.0.7
j  org.junit.platform.engine.support.hierarchical.SameThreadHierarchicalTestExecutorService.invokeAll(Ljava/util/List;)V+6
j  org.junit.platform.engine.support.hierarchical.NodeTestTask.lambda$executeRecursively$6()V+116
j  org.junit.platform.engine.support.hierarchical.NodeTestTask$$Lambda$266+0x0000000800cbdec8.execute()V+4
j  org.junit.platform.engine.support.hierarchical.ThrowableCollector.execute(Lorg/junit/platform/engine/support/hierarchical/ThrowableCollector$Executable;)V+1
j  org.junit.platform.engine.support.hierarchical.NodeTestTask.lambda$executeRecursively$8(Lorg/junit/platform/engine/support/hierarchical/EngineExecutionContext;)V+15
j  org.junit.platform.engine.support.hierarchical.NodeTestTask$$Lambda$265+0x0000000800cbdca8.invoke(Lorg/junit/platform/engine/support/hierarchical/EngineExecutionContext;)V+5
j  org.junit.platform.engine.support.hierarchical.Node.around(Lorg/junit/platform/engine/support/hierarchical/EngineExecutionContext;Lorg/junit/platform/engine/support/hierarchical/Node$Invocation;)V+2
j  org.junit.platform.engine.support.hierarchical.NodeTestTask.lambda$executeRecursively$9()V+14
j  org.junit.platform.engine.support.hierarchical.NodeTestTask$$Lambda$264+0x0000000800cbd890.execute()V+4
j  org.junit.platform.engine.support.hierarchical.ThrowableCollector.execute(Lorg/junit/platform/engine/support/hierarchical/ThrowableCollector$Executable;)V+1
j  org.junit.platform.engine.support.hierarchical.NodeTestTask.executeRecursively()V+31
j  org.junit.platform.engine.support.hierarchical.NodeTestTask.execute()V+55
j  org.junit.platform.engine.support.hierarchical.SameThreadHierarchicalTestExecutorService$$Lambda$270+0x0000000800cbe9b8.accept(Ljava/lang/Object;)V+4
j  java.util.ArrayList.forEach(Ljava/util/function/Consumer;)V+46 java.base@17.0.7
j  org.junit.platform.engine.support.hierarchical.SameThreadHierarchicalTestExecutorService.invokeAll(Ljava/util/List;)V+6
j  org.junit.platform.engine.support.hierarchical.NodeTestTask.lambda$executeRecursively$6()V+116
j  org.junit.platform.engine.support.hierarchical.NodeTestTask$$Lambda$266+0x0000000800cbdec8.execute()V+4
j  org.junit.platform.engine.support.hierarchical.ThrowableCollector.execute(Lorg/junit/platform/engine/support/hierarchical/ThrowableCollector$Executable;)V+1
j  org.junit.platform.engine.support.hierarchical.NodeTestTask.lambda$executeRecursively$8(Lorg/junit/platform/engine/support/hierarchical/EngineExecutionContext;)V+15
j  org.junit.platform.engine.support.hierarchical.NodeTestTask$$Lambda$265+0x0000000800cbdca8.invoke(Lorg/junit/platform/engine/support/hierarchical/EngineExecutionContext;)V+5
j  org.junit.platform.engine.support.hierarchical.Node.around(Lorg/junit/platform/engine/support/hierarchical/EngineExecutionContext;Lorg/junit/platform/engine/support/hierarchical/Node$Invocation;)V+2
j  org.junit.platform.engine.support.hierarchical.NodeTestTask.lambda$executeRecursively$9()V+14
j  org.junit.platform.engine.support.hierarchical.NodeTestTask$$Lambda$264+0x0000000800cbd890.execute()V+4
j  org.junit.platform.engine.support.hierarchical.ThrowableCollector.execute(Lorg/junit/platform/engine/support/hierarchical/ThrowableCollector$Executable;)V+1
j  org.junit.platform.engine.support.hierarchical.NodeTestTask.executeRecursively()V+31
j  org.junit.platform.engine.support.hierarchical.NodeTestTask.execute()V+55
j  org.junit.platform.engine.support.hierarchical.SameThreadHierarchicalTestExecutorService.submit(Lorg/junit/platform/engine/support/hierarchical/HierarchicalTestExecutorService$TestTask;)Ljava/util/concurrent/Future;+1
j  org.junit.platform.engine.support.hierarchical.HierarchicalTestExecutor.execute()Ljava/util/concurrent/Future;+74
j  org.junit.platform.engine.support.hierarchical.HierarchicalTestEngine.execute(Lorg/junit/platform/engine/ExecutionRequest;)V+31
j  org.junit.platform.launcher.core.EngineExecutionOrchestrator.execute(Lorg/junit/platform/engine/TestDescriptor;Lorg/junit/platform/engine/EngineExecutionListener;Lorg/junit/platform/engine/ConfigurationParameters;Lorg/junit/platform/engine/TestEngine;)V+24
j  org.junit.platform.launcher.core.EngineExecutionOrchestrator.execute(Lorg/junit/platform/launcher/core/LauncherDiscoveryResult;Lorg/junit/platform/engine/EngineExecutionListener;)V+100
j  org.junit.platform.launcher.core.EngineExecutionOrchestrator.execute(Lorg/junit/platform/launcher/core/InternalTestPlan;Lorg/junit/platform/engine/EngineExecutionListener;Lorg/junit/platform/launcher/TestExecutionListener;)V+63
j  org.junit.platform.launcher.core.EngineExecutionOrchestrator.lambda$execute$0(Lorg/junit/platform/launcher/core/InternalTestPlan;Lorg/junit/platform/launcher/TestExecutionListener;)V+6
j  org.junit.platform.launcher.core.EngineExecutionOrchestrator$$Lambda$223+0x0000000800caf3a0.accept(Ljava/lang/Object;)V+12
j  org.junit.platform.launcher.core.EngineExecutionOrchestrator.withInterceptedStreams(Lorg/junit/platform/engine/ConfigurationParameters;Lorg/junit/platform/launcher/core/ListenerRegistry;Ljava/util/function/Consumer;)V+51
j  org.junit.platform.launcher.core.EngineExecutionOrchestrator.execute(Lorg/junit/platform/launcher/core/InternalTestPlan;[Lorg/junit/platform/launcher/TestExecutionListener;)V+23
j  org.junit.platform.launcher.core.DefaultLauncher.execute(Lorg/junit/platform/launcher/core/InternalTestPlan;[Lorg/junit/platform/launcher/TestExecutionListener;)V+6
j  org.junit.platform.launcher.core.DefaultLauncher.execute(Lorg/junit/platform/launcher/TestPlan;[Lorg/junit/platform/launcher/TestExecutionListener;)V+36
j  org.junit.platform.launcher.core.DefaultLauncherSession$DelegatingLauncher.execute(Lorg/junit/platform/launcher/TestPlan;[Lorg/junit/platform/launcher/TestExecutionListener;)V+6
j  org.junit.platform.launcher.core.SessionPerRequestLauncher.execute(Lorg/junit/platform/launcher/TestPlan;[Lorg/junit/platform/launcher/TestExecutionListener;)V+13
j  org.eclipse.jdt.internal.junit5.runner.JUnit5TestReference.run(Lorg/eclipse/jdt/internal/junit/runner/TestExecution;)V+69
j  org.eclipse.jdt.internal.junit.runner.TestExecution.run([Lorg/eclipse/jdt/internal/junit/runner/ITestReference;)V+27
j  org.eclipse.jdt.internal.junit.runner.RemoteTestRunner.runTests([Ljava/lang/String;Ljava/lang/String;Lorg/eclipse/jdt/internal/junit/runner/TestExecution;)V+62
j  org.eclipse.jdt.internal.junit.runner.RemoteTestRunner.runTests(Lorg/eclipse/jdt/internal/junit/runner/TestExecution;)V+10
j  org.eclipse.jdt.internal.junit.runner.RemoteTestRunner.run()V+70
j  org.eclipse.jdt.internal.junit.runner.RemoteTestRunner.main([Ljava/lang/String;)V+14
v  ~StubRoutines::call_stub

siginfo: EXCEPTION_ACCESS_VIOLATION (0xc0000005), reading address 0x000000000880000b


Register to memory mapping:

RIP=0x00007ffeaabf36f0 jvm.dll
RAX=0x0000000000000007 is an unknown value
RBX=0x000002158a1446c0 is a thread
RCX=0x0000000008800003 is an unknown value
RDX=0x0000000000000001 is an unknown value
RSP=0x0000001f42dfa0f8 is pointing into the stack for thread: 0x000002158a1446c0
RBP=0x0000001f42dfa1d0 is pointing into the stack for thread: 0x000002158a1446c0
RSI=0x0000000008800003 is an unknown value
RDI=0x0000000000000001 is an unknown value
R8 =0x000002158a1446c0 is a thread
R9 =0x0000000000000008 is an unknown value
R10=0x000002158a131be0 points into unknown readable memory: 0x0000040000000007 | 07 00 00 00 00 04 00 00
R11=0x00000215ab6f2688 is pointing into metadata
R12=0x0 is NULL
R13=0x00000215ab6f7dda is pointing into metadata
R14=0x0000001f42dfa210 is pointing into the stack for thread: 0x000002158a1446c0
R15=0x000002158a1446c0 is a thread


Registers:
RAX=0x0000000000000007, RBX=0x000002158a1446c0, RCX=0x0000000008800003, RDX=0x0000000000000001
RSP=0x0000001f42dfa0f8, RBP=0x0000001f42dfa1d0, RSI=0x0000000008800003, RDI=0x0000000000000001
R8 =0x000002158a1446c0, R9 =0x0000000000000008, R10=0x000002158a131be0, R11=0x00000215ab6f2688
R12=0x0000000000000000, R13=0x00000215ab6f7dda, R14=0x0000001f42dfa210, R15=0x000002158a1446c0
RIP=0x00007ffeaabf36f0, EFLAGS=0x0000000000010246

Top of Stack: (sp=0x0000001f42dfa0f8)
0x0000001f42dfa0f8:   00007ffeaa90d3d7 0000001f42dfa1d0
0x0000001f42dfa108:   0000021500000e20 0000000000000001
0x0000001f42dfa118:   00000215ab6f7dda 00000215ab6f2688
0x0000001f42dfa128:   000002158a1446c0 0000000800c78e30
0x0000001f42dfa138:   0000021598f17ba0 00000215ab6f2688
0x0000001f42dfa148:   00000000000000bd 000000000000002a
0x0000001f42dfa158:   000002158a144f78 0000021598f17b44
0x0000001f42dfa168:   00000000c70026e8 00000000c4b28be0
0x0000001f42dfa178:   00000000c580bcc0 00000000c581b7e0
0x0000001f42dfa188:   0000001f42dfa188 00000215ab6f7dda
0x0000001f42dfa198:   0000001f42dfa210 00000215ab6f0800
0x0000001f42dfa1a8:   0000000000000000 00000000c4b28be0
0x0000001f42dfa1b8:   00000215ab6f3290 0000000000000000
0x0000001f42dfa1c8:   0000001f42dfa208 0000001f42dfa260
0x0000001f42dfa1d8:   0000021598efa42c 0000000000000000
0x0000001f42dfa1e8:   0000000000000000 0000000000000000 

Instructions: (pc=0x00007ffeaabf36f0)
0x00007ffeaabf35f0:   0d cb ac 43 00 eb 04 4c 8b 49 08 49 8b 01 49 8b
0x00007ffeaabf3600:   c9 4c 8b 05 18 aa 4b 00 48 ff a0 48 01 00 00 c3
0x00007ffeaabf3610:   4c 8b ca 41 b0 01 8b d1 48 8b 0d a1 8f 4d 00 e9
0x00007ffeaabf3620:   bc dd 13 00 cc cc cc cc cc cc cc cc cc cc cc cc
0x00007ffeaabf3630:   4c 8b ca 41 b0 01 8b d1 48 8b 0d a1 8f 4d 00 e9
0x00007ffeaabf3640:   9c dd 13 00 cc cc cc cc cc cc cc cc cc cc cc cc
0x00007ffeaabf3650:   4c 8b ca 41 b0 01 8b d1 48 8b 0d 69 8f 4d 00 e9
0x00007ffeaabf3660:   7c dd 13 00 cc cc cc cc cc cc cc cc cc cc cc cc
0x00007ffeaabf3670:   4c 8b ca 41 b0 01 8b d1 48 8b 0d 59 8f 4d 00 e9
0x00007ffeaabf3680:   5c dd 13 00 cc cc cc cc cc cc cc cc cc cc cc cc
0x00007ffeaabf3690:   4c 8b ca 41 b0 01 8b d1 48 8b 0d 31 8f 4d 00 e9
0x00007ffeaabf36a0:   3c dd 13 00 cc cc cc cc cc cc cc cc cc cc cc cc
0x00007ffeaabf36b0:   4c 8b ca 41 b0 01 8b d1 48 8b 0d 31 8f 4d 00 e9
0x00007ffeaabf36c0:   1c dd 13 00 cc cc cc cc cc cc cc cc cc cc cc cc
0x00007ffeaabf36d0:   4c 8b ca 41 b0 01 8b d1 48 8b 0d 19 8f 4d 00 e9
0x00007ffeaabf36e0:   fc dc 13 00 cc cc cc cc cc cc cc cc cc cc cc cc
0x00007ffeaabf36f0:   83 79 08 00 4d 8b c8 44 8b c2 ba 01 00 00 00 0f
0x00007ffeaabf3700:   8c 3b 0f a5 ff e9 c6 5d d0 ff cc cc cc cc cc cc
0x00007ffeaabf3710:   48 89 5c 24 08 48 89 74 24 10 57 48 83 ec 20 83
0x00007ffeaabf3720:   7a 08 00 48 8b f9 48 8b ca 48 8b c2 ba 01 00 00
0x00007ffeaabf3730:   00 49 8b d9 7d 07 e8 05 0f a5 ff eb 05 e8 8e 5d
0x00007ffeaabf3740:   d0 ff 48 83 7b 08 00 48 8b f0 75 05 48 85 c0 75
0x00007ffeaabf3750:   04 33 c0 eb 48 48 8b 9b 38 02 00 00 48 83 7b 18
0x00007ffeaabf3760:   f7 76 14 4c 8d 05 1e 73 25 00 ba 08 00 00 00 48
0x00007ffeaabf3770:   8b cb e8 99 7b a4 ff 48 8b 43 18 48 8d 48 08 48
0x00007ffeaabf3780:   3b 4b 20 76 11 45 33 c0 48 8b cb 41 8d 50 08 e8
0x00007ffeaabf3790:   fc 77 a4 ff eb 04 48 89 4b 18 48 89 30 48 89 07
0x00007ffeaabf37a0:   48 8b c7 48 8b 5c 24 30 48 8b 74 24 38 48 83 c4
0x00007ffeaabf37b0:   20 5f c3 cc cc cc cc cc cc cc cc cc cc cc cc cc
0x00007ffeaabf37c0:   4c 8b c2 8b d1 48 8b 0d 34 8e 4d 00 e9 3f 55 ff
0x00007ffeaabf37d0:   ff cc cc cc cc cc cc cc cc cc cc cc cc cc cc cc
0x00007ffeaabf37e0:   4c 8b ca 41 b0 01 8b d1 48 8b 0d f9 8d 4d 00 e9 


Stack slot to memory mapping:
stack at sp + 0 slots: 0x00007ffeaa90d3d7 jvm.dll
stack at sp + 1 slots: 0x0000001f42dfa1d0 is pointing into the stack for thread: 0x000002158a1446c0
stack at sp + 2 slots: 0x0000021500000e20 is an unknown value
stack at sp + 3 slots: 0x0000000000000001 is an unknown value
stack at sp + 4 slots: 0x00000215ab6f7dda is pointing into metadata
stack at sp + 5 slots: 0x00000215ab6f2688 is pointing into metadata
stack at sp + 6 slots: 0x000002158a1446c0 is a thread
stack at sp + 7 slots: 0x0000000800c78e30 is a pointer to class: 
jdk.internal.jimage.ImageBufferCache$1 {0x0000000800c78e38}
 - instance size:     2
 - klass size:        73
 - access:            synchronized 
 - state:             fully_initialized
 - name:              'jdk/internal/jimage/ImageBufferCache$1'
 - super:             'java/lang/ThreadLocal'
 - sub:               
 - arrays:            NULL
 - methods:           Array<T>(0x00000215a5247198)
 - method ordering:   Array<T>(0x00000215a52473c0)
 - default_methods:   Array<T>(0x0000000000000000)
 - local interfaces:  Array<T>(0x00000008005cff48)
 - trans. interfaces: Array<T>(0x00000008005cff48)
 - constants:         constant pool [34] {0x00000215a5247008} for 'jdk/internal/jimage/ImageBufferCache$1' cache=0x00000215a52473d0
 - class loader data:  loader data: 0x000002158a1caa60 of 'bootstrap'
 - source file:       'ImageBufferCache.java'
 - class annotations:       Array<T>(0x0000000000000000)
 - class type annotations:  Array<T>(0x0000000000000000)
 - field annotations:       Array<T>(0x0000000000000000)
 - field type annotations:  Array<T>(0x0000000000000000)
 - generic signature: 'Ljava/lang/ThreadLocal<[Ljava/util/Map$Entry<Ljava/lang/ref/WeakReference<Ljava/nio/ByteBuffer;>;Ljava/lang/Integer;>;>;'
 - inner classes:     Array<T>(0x00000215a52473a0)
 - nest members:     Array<T>(0x00000008005cfed8)
 - permitted subclasses:     Array<T>(0x00000008005cfed8)
 - java mirror:       a 'java/lang/Class'{0x00000000c49922d8} = 'jdk/internal/jimage/ImageBufferCache$1'
 - vtable length      14  (start addr: 0x0000000800c78ff8)
 - itable length      2 (start addr: 0x0000000800c79068)
 - ---- static fields (0 words):
 - ---- non-static fields (1 words):
 - private final 'threadLocalHashCode' 'I' @12 
 - non-static oop maps: 


---------------  P R O C E S S  ---------------

Threads class SMR info:
_java_thread_list=0x00000215ae554110, length=17, elements={
0x000002158a1446c0, 0x00000215a4c940c0, 0x00000215a4c975b0, 0x00000215a4ca6580,
0x00000215a4ca6e40, 0x00000215a4ca9710, 0x00000215a4ca9fd0, 0x00000215a4caac70,
0x00000215a4d18010, 0x00000215a4d1acd0, 0x00000215a5830020, 0x00000215a58c55d0,
0x00000215a58ec470, 0x00000215a58ef280, 0x00000215a59b1bc0, 0x00000215a63a2ab0,
0x00000215ab9d8020
}

Java Threads: ( => current thread )
=>0x000002158a1446c0 JavaThread "main" [_thread_in_vm, id=4940, stack(0x0000001f42d00000,0x0000001f42e00000)]
  0x00000215a4c940c0 JavaThread "Reference Handler" daemon [_thread_blocked, id=5164, stack(0x0000001f43400000,0x0000001f43500000)]
  0x00000215a4c975b0 JavaThread "Finalizer" daemon [_thread_blocked, id=2752, stack(0x0000001f43500000,0x0000001f43600000)]
  0x00000215a4ca6580 JavaThread "Signal Dispatcher" daemon [_thread_blocked, id=9136, stack(0x0000001f43600000,0x0000001f43700000)]
  0x00000215a4ca6e40 JavaThread "Attach Listener" daemon [_thread_blocked, id=2864, stack(0x0000001f43700000,0x0000001f43800000)]
  0x00000215a4ca9710 JavaThread "Service Thread" daemon [_thread_blocked, id=8592, stack(0x0000001f43800000,0x0000001f43900000)]
  0x00000215a4ca9fd0 JavaThread "Monitor Deflation Thread" daemon [_thread_blocked, id=8856, stack(0x0000001f43900000,0x0000001f43a00000)]
  0x00000215a4caac70 JavaThread "C2 CompilerThread0" daemon [_thread_blocked, id=8788, stack(0x0000001f43a00000,0x0000001f43b00000)]
  0x00000215a4d18010 JavaThread "C1 CompilerThread0" daemon [_thread_blocked, id=8924, stack(0x0000001f43b00000,0x0000001f43c00000)]
  0x00000215a4d1acd0 JavaThread "Sweeper thread" daemon [_thread_blocked, id=252, stack(0x0000001f43c00000,0x0000001f43d00000)]
  0x00000215a5830020 JavaThread "Common-Cleaner" daemon [_thread_blocked, id=1112, stack(0x0000001f43d00000,0x0000001f43e00000)]
  0x00000215a58c55d0 JavaThread "JDWP Transport Listener: dt_socket" daemon [_thread_blocked, id=9084, stack(0x0000001f43e00000,0x0000001f43f00000)]
  0x00000215a58ec470 JavaThread "JDWP Event Helper Thread" daemon [_thread_blocked, id=6160, stack(0x0000001f43f00000,0x0000001f44000000)]
  0x00000215a58ef280 JavaThread "JDWP Command Reader" daemon [_thread_in_native, id=6192, stack(0x0000001f44000000,0x0000001f44100000)]
  0x00000215a59b1bc0 JavaThread "Notification Thread" daemon [_thread_blocked, id=1572, stack(0x0000001f44200000,0x0000001f44300000)]
  0x00000215a63a2ab0 JavaThread "ReaderThread" [_thread_in_native, id=8452, stack(0x0000001f44400000,0x0000001f44500000)]
  0x00000215ab9d8020 JavaThread "HikariPool-1 housekeeper" daemon [_thread_blocked, id=4216, stack(0x0000001f44500000,0x0000001f44600000)]

Other Threads:
  0x00000215a4c8c020 VMThread "VM Thread" [stack: 0x0000001f43300000,0x0000001f43400000] [id=8744] _threads_hazard_ptr=0x00000215ae554110
  0x000002158a1461f0 WatcherThread [stack: 0x0000001f44300000,0x0000001f44400000] [id=8320]
  0x000002158a17e360 GCTaskThread "GC Thread#0" [stack: 0x0000001f42e00000,0x0000001f42f00000] [id=1180]
  0x00000215a5b8cae0 GCTaskThread "GC Thread#1" [stack: 0x0000001f44100000,0x0000001f44200000] [id=1520]
  0x000002158a186930 ConcurrentGCThread "G1 Main Marker" [stack: 0x0000001f42f00000,0x0000001f43000000] [id=5744]
  0x000002158a1879f0 ConcurrentGCThread "G1 Conc#0" [stack: 0x0000001f43000000,0x0000001f43100000] [id=8476]
  0x000002158a1ba3d0 ConcurrentGCThread "G1 Refine#0" [stack: 0x0000001f43100000,0x0000001f43200000] [id=8808]
  0x000002158a1bc4b0 ConcurrentGCThread "G1 Service" [stack: 0x0000001f43200000,0x0000001f43300000] [id=1448]

Threads with active compile tasks:
C2 CompilerThread0    22793 6143       4       org.springframework.core.ResolvableType::resolveClass (74 bytes)

VM state: synchronizing (normal execution)

VM Mutex/Monitor currently owned by a thread:  ([mutex/lock_event])
[0x000002158a13dda0] Threads_lock - owner thread: 0x00000215a4c8c020

Heap address: 0x00000000c4400000, size: 956 MB, Compressed Oops mode: 32-bit

CDS archive(s) mapped at: [0x0000000800000000-0x0000000800bd0000-0x0000000800bd0000), size 12386304, SharedBaseAddress: 0x0000000800000000, ArchiveRelocationMode: 0.
Compressed class space mapped at: 0x0000000800c00000-0x0000000840c00000, reserved size: 1073741824
Narrow klass base: 0x0000000800000000, Narrow klass shift: 0, Narrow klass range: 0x100000000

GC Precious Log:
 CPUs: 2 total, 2 available
 Memory: 3819M
 Large Page Support: Disabled
 NUMA Support: Disabled
 Compressed Oops: Enabled (32-bit)
 Heap Region Size: 1M
 Heap Min Capacity: 8M
 Heap Initial Capacity: 60M
 Heap Max Capacity: 956M
 Pre-touch: Disabled
 Parallel Workers: 2
 Concurrent Workers: 1
 Concurrent Refinement Workers: 2
 Periodic GC: Disabled

Heap:
 garbage-first heap   total 100352K, used 33208K [0x00000000c4400000, 0x0000000100000000)
  region size 1024K, 8 young (8192K), 6 survivors (6144K)
 Metaspace       used 71919K, committed 72448K, reserved 1114112K
  class space    used 9970K, committed 10240K, reserved 1048576K

Heap Regions: E=young(eden), S=young(survivor), O=old, HS=humongous(starts), HC=humongous(continues), CS=collection set, F=free, OA=open archive, CA=closed archive, TAMS=top-at-mark-start (previous, next)
|   0|0x00000000c4400000, 0x00000000c4500000, 0x00000000c4500000|100%|HS|  |TAMS 0x00000000c4500000, 0x00000000c4400000| Complete 
|   1|0x00000000c4500000, 0x00000000c4600000, 0x00000000c4600000|100%| O|  |TAMS 0x00000000c4600000, 0x00000000c4500000| Untracked 
|   2|0x00000000c4600000, 0x00000000c4700000, 0x00000000c4700000|100%| O|  |TAMS 0x00000000c4700000, 0x00000000c4600000| Untracked 
|   3|0x00000000c4700000, 0x00000000c4800000, 0x00000000c4800000|100%| O|  |TAMS 0x00000000c4800000, 0x00000000c4700000| Untracked 
|   4|0x00000000c4800000, 0x00000000c4900000, 0x00000000c4900000|100%| O|  |TAMS 0x00000000c4900000, 0x00000000c4800000| Untracked 
|   5|0x00000000c4900000, 0x00000000c4a00000, 0x00000000c4a00000|100%| O|  |TAMS 0x00000000c4a00000, 0x00000000c4900000| Untracked 
|   6|0x00000000c4a00000, 0x00000000c4b00000, 0x00000000c4b00000|100%| O|  |TAMS 0x00000000c4b00000, 0x00000000c4a00000| Untracked 
|   7|0x00000000c4b00000, 0x00000000c4c00000, 0x00000000c4c00000|100%| O|  |TAMS 0x00000000c4c00000, 0x00000000c4b00000| Untracked 
|   8|0x00000000c4c00000, 0x00000000c4d00000, 0x00000000c4d00000|100%| O|  |TAMS 0x00000000c4d00000, 0x00000000c4c00000| Untracked 
|   9|0x00000000c4d00000, 0x00000000c4e00000, 0x00000000c4e00000|100%| O|  |TAMS 0x00000000c4e00000, 0x00000000c4d00000| Untracked 
|  10|0x00000000c4e00000, 0x00000000c4f00000, 0x00000000c4f00000|100%| O|  |TAMS 0x00000000c4f00000, 0x00000000c4e00000| Untracked 
|  11|0x00000000c4f00000, 0x00000000c5000000, 0x00000000c5000000|100%| O|  |TAMS 0x00000000c5000000, 0x00000000c4f00000| Untracked 
|  12|0x00000000c5000000, 0x00000000c5100000, 0x00000000c5100000|100%| O|  |TAMS 0x00000000c5100000, 0x00000000c5000000| Untracked 
|  13|0x00000000c5100000, 0x00000000c5200000, 0x00000000c5200000|100%| O|  |TAMS 0x00000000c5200000, 0x00000000c5100000| Untracked 
|  14|0x00000000c5200000, 0x00000000c522d800, 0x00000000c5300000| 17%| O|  |TAMS 0x00000000c522d800, 0x00000000c5200000| Untracked 
|  15|0x00000000c5300000, 0x00000000c5400000, 0x00000000c5400000|100%| O|  |TAMS 0x00000000c5400000, 0x00000000c5300000| Untracked 
|  16|0x00000000c5400000, 0x00000000c5500000, 0x00000000c5500000|100%| O|  |TAMS 0x00000000c5500000, 0x00000000c5400000| Untracked 
|  17|0x00000000c5500000, 0x00000000c5600000, 0x00000000c5600000|100%| O|  |TAMS 0x00000000c5600000, 0x00000000c5500000| Untracked 
|  18|0x00000000c5600000, 0x00000000c5700000, 0x00000000c5700000|100%| O|  |TAMS 0x00000000c5700000, 0x00000000c5600000| Untracked 
|  19|0x00000000c5700000, 0x00000000c5800000, 0x00000000c5800000|100%| O|  |TAMS 0x00000000c5800000, 0x00000000c5700000| Untracked 
|  20|0x00000000c5800000, 0x00000000c5900000, 0x00000000c5900000|100%| O|  |TAMS 0x00000000c5900000, 0x00000000c5800000| Untracked 
|  21|0x00000000c5900000, 0x00000000c5a00000, 0x00000000c5a00000|100%| O|  |TAMS 0x00000000c5930a00, 0x00000000c5900000| Untracked 
|  22|0x00000000c5a00000, 0x00000000c5b00000, 0x00000000c5b00000|100%| O|  |TAMS 0x00000000c5a00000, 0x00000000c5a00000| Untracked 
|  23|0x00000000c5b00000, 0x00000000c5c00000, 0x00000000c5c00000|100%| O|  |TAMS 0x00000000c5b00000, 0x00000000c5b00000| Untracked 
|  24|0x00000000c5c00000, 0x00000000c5d00000, 0x00000000c5d00000|100%| O|  |TAMS 0x00000000c5c00000, 0x00000000c5c00000| Untracked 
|  25|0x00000000c5d00000, 0x00000000c5e00000, 0x00000000c5e00000|100%| O|  |TAMS 0x00000000c5d00000, 0x00000000c5d00000| Untracked 
|  26|0x00000000c5e00000, 0x00000000c5e65200, 0x00000000c5f00000| 39%| O|  |TAMS 0x00000000c5e00000, 0x00000000c5e00000| Untracked 
|  27|0x00000000c5f00000, 0x00000000c5f00000, 0x00000000c6000000|  0%| F|  |TAMS 0x00000000c5f00000, 0x00000000c5f00000| Untracked 
|  28|0x00000000c6000000, 0x00000000c6000000, 0x00000000c6100000|  0%| F|  |TAMS 0x00000000c6000000, 0x00000000c6000000| Untracked 
|  29|0x00000000c6100000, 0x00000000c6100000, 0x00000000c6200000|  0%| F|  |TAMS 0x00000000c6100000, 0x00000000c6100000| Untracked 
|  30|0x00000000c6200000, 0x00000000c6200000, 0x00000000c6300000|  0%| F|  |TAMS 0x00000000c6200000, 0x00000000c6200000| Untracked 
|  31|0x00000000c6300000, 0x00000000c6300000, 0x00000000c6400000|  0%| F|  |TAMS 0x00000000c6300000, 0x00000000c6300000| Untracked 
|  32|0x00000000c6400000, 0x00000000c6400000, 0x00000000c6500000|  0%| F|  |TAMS 0x00000000c6400000, 0x00000000c6400000| Untracked 
|  33|0x00000000c6500000, 0x00000000c6500000, 0x00000000c6600000|  0%| F|  |TAMS 0x00000000c6500000, 0x00000000c6500000| Untracked 
|  34|0x00000000c6600000, 0x00000000c66db880, 0x00000000c6700000| 85%| S|CS|TAMS 0x00000000c6600000, 0x00000000c6600000| Complete 
|  35|0x00000000c6700000, 0x00000000c6800000, 0x00000000c6800000|100%| S|CS|TAMS 0x00000000c6700000, 0x00000000c6700000| Complete 
|  36|0x00000000c6800000, 0x00000000c6900000, 0x00000000c6900000|100%| S|CS|TAMS 0x00000000c6800000, 0x00000000c6800000| Complete 
|  37|0x00000000c6900000, 0x00000000c6900000, 0x00000000c6a00000|  0%| F|  |TAMS 0x00000000c6900000, 0x00000000c6900000| Untracked 
|  38|0x00000000c6a00000, 0x00000000c6a00000, 0x00000000c6b00000|  0%| F|  |TAMS 0x00000000c6a00000, 0x00000000c6a00000| Untracked 
|  39|0x00000000c6b00000, 0x00000000c6b00000, 0x00000000c6c00000|  0%| F|  |TAMS 0x00000000c6b00000, 0x00000000c6b00000| Untracked 
|  40|0x00000000c6c00000, 0x00000000c6c00000, 0x00000000c6d00000|  0%| F|  |TAMS 0x00000000c6c00000, 0x00000000c6c00000| Untracked 
|  41|0x00000000c6d00000, 0x00000000c6d00000, 0x00000000c6e00000|  0%| F|  |TAMS 0x00000000c6d00000, 0x00000000c6d00000| Untracked 
|  42|0x00000000c6e00000, 0x00000000c6f00000, 0x00000000c6f00000|100%| S|CS|TAMS 0x00000000c6e00000, 0x00000000c6e00000| Complete 
|  43|0x00000000c6f00000, 0x00000000c7000000, 0x00000000c7000000|100%| S|CS|TAMS 0x00000000c6f00000, 0x00000000c6f00000| Complete 
|  44|0x00000000c7000000, 0x00000000c7100000, 0x00000000c7100000|100%| S|CS|TAMS 0x00000000c7000000, 0x00000000c7000000| Complete 
|  45|0x00000000c7100000, 0x00000000c7100000, 0x00000000c7200000|  0%| F|  |TAMS 0x00000000c7100000, 0x00000000c7100000| Untracked 
|  46|0x00000000c7200000, 0x00000000c7200000, 0x00000000c7300000|  0%| F|  |TAMS 0x00000000c7200000, 0x00000000c7200000| Untracked 
|  47|0x00000000c7300000, 0x00000000c7300000, 0x00000000c7400000|  0%| F|  |TAMS 0x00000000c7300000, 0x00000000c7300000| Untracked 
|  48|0x00000000c7400000, 0x00000000c7400000, 0x00000000c7500000|  0%| F|  |TAMS 0x00000000c7400000, 0x00000000c7400000| Untracked 
|  49|0x00000000c7500000, 0x00000000c7500000, 0x00000000c7600000|  0%| F|  |TAMS 0x00000000c7500000, 0x00000000c7500000| Untracked 
|  50|0x00000000c7600000, 0x00000000c7600000, 0x00000000c7700000|  0%| F|  |TAMS 0x00000000c7600000, 0x00000000c7600000| Untracked 
|  51|0x00000000c7700000, 0x00000000c7700000, 0x00000000c7800000|  0%| F|  |TAMS 0x00000000c7700000, 0x00000000c7700000| Untracked 
|  52|0x00000000c7800000, 0x00000000c7800000, 0x00000000c7900000|  0%| F|  |TAMS 0x00000000c7800000, 0x00000000c7800000| Untracked 
|  53|0x00000000c7900000, 0x00000000c7900000, 0x00000000c7a00000|  0%| F|  |TAMS 0x00000000c7900000, 0x00000000c7900000| Untracked 
|  54|0x00000000c7a00000, 0x00000000c7a00000, 0x00000000c7b00000|  0%| F|  |TAMS 0x00000000c7a00000, 0x00000000c7a00000| Untracked 
|  55|0x00000000c7b00000, 0x00000000c7b00000, 0x00000000c7c00000|  0%| F|  |TAMS 0x00000000c7b00000, 0x00000000c7b00000| Untracked 
|  56|0x00000000c7c00000, 0x00000000c7c00000, 0x00000000c7d00000|  0%| F|  |TAMS 0x00000000c7c00000, 0x00000000c7c00000| Untracked 
|  57|0x00000000c7d00000, 0x00000000c7d00000, 0x00000000c7e00000|  0%| F|  |TAMS 0x00000000c7d00000, 0x00000000c7d00000| Untracked 
|  58|0x00000000c7e00000, 0x00000000c7e00000, 0x00000000c7f00000|  0%| F|  |TAMS 0x00000000c7e00000, 0x00000000c7e00000| Untracked 
|  59|0x00000000c7f00000, 0x00000000c7f00000, 0x00000000c8000000|  0%| F|  |TAMS 0x00000000c7f00000, 0x00000000c7f00000| Untracked 
|  60|0x00000000c8000000, 0x00000000c8000000, 0x00000000c8100000|  0%| F|  |TAMS 0x00000000c8000000, 0x00000000c8000000| Untracked 
|  61|0x00000000c8100000, 0x00000000c8100000, 0x00000000c8200000|  0%| F|  |TAMS 0x00000000c8100000, 0x00000000c8100000| Untracked 
|  62|0x00000000c8200000, 0x00000000c8200000, 0x00000000c8300000|  0%| F|  |TAMS 0x00000000c8200000, 0x00000000c8200000| Untracked 
|  63|0x00000000c8300000, 0x00000000c8300000, 0x00000000c8400000|  0%| F|  |TAMS 0x00000000c8300000, 0x00000000c8300000| Untracked 
|  64|0x00000000c8400000, 0x00000000c8400000, 0x00000000c8500000|  0%| F|  |TAMS 0x00000000c8400000, 0x00000000c8400000| Untracked 
|  65|0x00000000c8500000, 0x00000000c8500000, 0x00000000c8600000|  0%| F|  |TAMS 0x00000000c8500000, 0x00000000c8500000| Untracked 
|  66|0x00000000c8600000, 0x00000000c8600000, 0x00000000c8700000|  0%| F|  |TAMS 0x00000000c8600000, 0x00000000c8600000| Untracked 
|  67|0x00000000c8700000, 0x00000000c8700000, 0x00000000c8800000|  0%| F|  |TAMS 0x00000000c8700000, 0x00000000c8700000| Untracked 
|  68|0x00000000c8800000, 0x00000000c8800000, 0x00000000c8900000|  0%| F|  |TAMS 0x00000000c8800000, 0x00000000c8800000| Untracked 
|  69|0x00000000c8900000, 0x00000000c8900000, 0x00000000c8a00000|  0%| F|  |TAMS 0x00000000c8900000, 0x00000000c8900000| Untracked 
|  70|0x00000000c8a00000, 0x00000000c8a00000, 0x00000000c8b00000|  0%| F|  |TAMS 0x00000000c8a00000, 0x00000000c8a00000| Untracked 
|  71|0x00000000c8b00000, 0x00000000c8b00000, 0x00000000c8c00000|  0%| F|  |TAMS 0x00000000c8b00000, 0x00000000c8b00000| Untracked 
|  72|0x00000000c8c00000, 0x00000000c8c00000, 0x00000000c8d00000|  0%| F|  |TAMS 0x00000000c8c00000, 0x00000000c8c00000| Untracked 
|  73|0x00000000c8d00000, 0x00000000c8d00000, 0x00000000c8e00000|  0%| F|  |TAMS 0x00000000c8d00000, 0x00000000c8d00000| Untracked 
|  74|0x00000000c8e00000, 0x00000000c8e00000, 0x00000000c8f00000|  0%| F|  |TAMS 0x00000000c8e00000, 0x00000000c8e00000| Untracked 
|  75|0x00000000c8f00000, 0x00000000c8f00000, 0x00000000c9000000|  0%| F|  |TAMS 0x00000000c8f00000, 0x00000000c8f00000| Untracked 
|  76|0x00000000c9000000, 0x00000000c9000000, 0x00000000c9100000|  0%| F|  |TAMS 0x00000000c9000000, 0x00000000c9000000| Untracked 
|  77|0x00000000c9100000, 0x00000000c9100000, 0x00000000c9200000|  0%| F|  |TAMS 0x00000000c9100000, 0x00000000c9100000| Untracked 
|  78|0x00000000c9200000, 0x00000000c9200000, 0x00000000c9300000|  0%| F|  |TAMS 0x00000000c9200000, 0x00000000c9200000| Untracked 
|  79|0x00000000c9300000, 0x00000000c9300000, 0x00000000c9400000|  0%| F|  |TAMS 0x00000000c9300000, 0x00000000c9300000| Untracked 
|  80|0x00000000c9400000, 0x00000000c9400000, 0x00000000c9500000|  0%| F|  |TAMS 0x00000000c9400000, 0x00000000c9400000| Untracked 
|  81|0x00000000c9500000, 0x00000000c9500000, 0x00000000c9600000|  0%| F|  |TAMS 0x00000000c9500000, 0x00000000c9500000| Untracked 
|  82|0x00000000c9600000, 0x00000000c9600000, 0x00000000c9700000|  0%| F|  |TAMS 0x00000000c9600000, 0x00000000c9600000| Untracked 
|  83|0x00000000c9700000, 0x00000000c9700000, 0x00000000c9800000|  0%| F|  |TAMS 0x00000000c9700000, 0x00000000c9700000| Untracked 
|  84|0x00000000c9800000, 0x00000000c9800000, 0x00000000c9900000|  0%| F|  |TAMS 0x00000000c9800000, 0x00000000c9800000| Untracked 
|  85|0x00000000c9900000, 0x00000000c9900000, 0x00000000c9a00000|  0%| F|  |TAMS 0x00000000c9900000, 0x00000000c9900000| Untracked 
|  86|0x00000000c9a00000, 0x00000000c9a00000, 0x00000000c9b00000|  0%| F|  |TAMS 0x00000000c9a00000, 0x00000000c9a00000| Untracked 
|  87|0x00000000c9b00000, 0x00000000c9b00000, 0x00000000c9c00000|  0%| F|  |TAMS 0x00000000c9b00000, 0x00000000c9b00000| Untracked 
|  88|0x00000000c9c00000, 0x00000000c9c00000, 0x00000000c9d00000|  0%| F|  |TAMS 0x00000000c9c00000, 0x00000000c9c00000| Untracked 
|  89|0x00000000c9d00000, 0x00000000c9d00000, 0x00000000c9e00000|  0%| F|  |TAMS 0x00000000c9d00000, 0x00000000c9d00000| Untracked 
|  90|0x00000000c9e00000, 0x00000000c9e00000, 0x00000000c9f00000|  0%| F|  |TAMS 0x00000000c9e00000, 0x00000000c9e00000| Untracked 
|  91|0x00000000c9f00000, 0x00000000c9f00000, 0x00000000ca000000|  0%| F|  |TAMS 0x00000000c9f00000, 0x00000000c9f00000| Untracked 
|  92|0x00000000ca000000, 0x00000000ca000000, 0x00000000ca100000|  0%| F|  |TAMS 0x00000000ca000000, 0x00000000ca000000| Untracked 
|  93|0x00000000ca100000, 0x00000000ca100000, 0x00000000ca200000|  0%| F|  |TAMS 0x00000000ca100000, 0x00000000ca100000| Untracked 
|  94|0x00000000ca200000, 0x00000000ca200000, 0x00000000ca300000|  0%| F|  |TAMS 0x00000000ca200000, 0x00000000ca200000| Untracked 
|  95|0x00000000ca300000, 0x00000000ca300000, 0x00000000ca400000|  0%| F|  |TAMS 0x00000000ca300000, 0x00000000ca300000| Untracked 
|  96|0x00000000ca400000, 0x00000000ca480800, 0x00000000ca500000| 50%| E|  |TAMS 0x00000000ca400000, 0x00000000ca400000| Complete 
|  97|0x00000000ca500000, 0x00000000ca600000, 0x00000000ca600000|100%| E|CS|TAMS 0x00000000ca500000, 0x00000000ca500000| Complete 

Card table byte_map: [0x0000021589ef0000,0x000002158a0d0000] _byte_map_base: 0x00000215898ce000

Marking Bits (Prev, Next): (CMBitMap*) 0x000002158a17e8c0, (CMBitMap*) 0x000002158a17e880
 Prev Bits: [0x00000215a1a90000, 0x00000215a2980000)
 Next Bits: [0x00000215a0ba0000, 0x00000215a1a90000)

Polling page: 0x0000021587fb0000

Metaspace:

Usage:
  Non-class:     60.50 MB used.
      Class:      9.74 MB used.
       Both:     70.23 MB used.

Virtual space:
  Non-class space:       64.00 MB reserved,      60.75 MB ( 95%) committed,  8 nodes.
      Class space:        1.00 GB reserved,      10.00 MB ( <1%) committed,  1 nodes.
             Both:        1.06 GB reserved,      70.75 MB (  7%) committed. 

Chunk freelists:
   Non-Class:  3.27 MB
       Class:  1.83 MB
        Both:  5.09 MB

MaxMetaspaceSize: unlimited
CompressedClassSpaceSize: 1.00 GB
Initial GC threshold: 21.00 MB
Current GC threshold: 97.94 MB
CDS: on
MetaspaceReclaimPolicy: balanced
 - commit_granule_bytes: 65536.
 - commit_granule_words: 8192.
 - virtual_space_node_default_size: 1048576.
 - enlarge_chunks_in_place: 1.
 - new_chunks_are_fully_committed: 0.
 - uncommit_free_chunks: 1.
 - use_allocation_guard: 0.
 - handle_deallocations: 1.


Internal statistics:

num_allocs_failed_limit: 9.
num_arena_births: 742.
num_arena_deaths: 4.
num_vsnodes_births: 9.
num_vsnodes_deaths: 0.
num_space_committed: 1132.
num_space_uncommitted: 0.
num_chunks_returned_to_freelist: 15.
num_chunks_taken_from_freelist: 3321.
num_chunk_merges: 9.
num_chunk_splits: 2471.
num_chunks_enlarged: 2011.
num_purges: 2.
num_inconsistent_stats: 0.

CodeHeap 'non-profiled nmethods': size=120064Kb used=2817Kb max_used=2817Kb free=117246Kb
 bounds [0x0000021599480000, 0x0000021599750000, 0x00000215a09c0000]
CodeHeap 'profiled nmethods': size=120000Kb used=10767Kb max_used=10767Kb free=109232Kb
 bounds [0x00000215919c0000, 0x0000021592450000, 0x0000021598ef0000]
CodeHeap 'non-nmethods': size=5696Kb used=1437Kb max_used=1496Kb free=4259Kb
 bounds [0x0000021598ef0000, 0x0000021599160000, 0x0000021599480000]
 total_blobs=6388 nmethods=5707 adapters=590
 compilation: enabled
              stopped_count=0, restarted_count=0
 full_count=0

Compilation events (20 events):
Event: 19.047 Thread 0x00000215a4caac70 nmethod 6739 0x000002159972c890 code [0x000002159972ca00, 0x000002159972caf8]
Event: 19.047 Thread 0x00000215a4caac70 4815       4       sun.reflect.annotation.AnnotationInvocationHandler::invoke (178 bytes)
Event: 19.087 Thread 0x00000215a4caac70 nmethod 4815 0x000002159972cc10 code [0x000002159972cee0, 0x000002159972e9a0]
Event: 19.087 Thread 0x00000215a4caac70 5618       4       java.lang.Integer::valueOf (32 bytes)
Event: 19.089 Thread 0x00000215a4caac70 nmethod 5618 0x000002159972fb10 code [0x000002159972fca0, 0x000002159972fd78]
Event: 19.089 Thread 0x00000215a4caac70 5297       4       java.lang.Class::getGenericInfo (52 bytes)
Event: 19.096 Thread 0x00000215a4caac70 nmethod 5297 0x000002159972fe90 code [0x0000021599730040, 0x0000021599730618]
Event: 19.096 Thread 0x00000215a4caac70 4340       4       org.eclipse.jdt.launching.internal.org.objectweb.asm.ByteVector::<init> (13 bytes)
Event: 19.097 Thread 0x00000215a4caac70 nmethod 4340 0x0000021599730990 code [0x0000021599730b20, 0x0000021599730cd8]
Event: 19.098 Thread 0x00000215a4caac70 5324       4       java.util.RegularEnumSet::contains (57 bytes)
Event: 19.099 Thread 0x00000215a4caac70 nmethod 5324 0x0000021599730d90 code [0x0000021599730f00, 0x0000021599731018]
Event: 19.099 Thread 0x00000215a4caac70 6666       4       java.lang.ref.Reference::<init> (25 bytes)
Event: 19.101 Thread 0x00000215a4caac70 nmethod 6666 0x0000021599731110 code [0x0000021599731280, 0x00000215997314b8]
Event: 19.101 Thread 0x00000215a4caac70 4177       4       java.lang.ref.Reference::refersToImpl (6 bytes)
Event: 19.101 Thread 0x00000215a4caac70 nmethod 4177 0x0000021599731510 code [0x0000021599731680, 0x0000021599731718]
Event: 19.101 Thread 0x00000215a4caac70 5000       4       org.eclipse.jdt.launching.internal.org.objectweb.asm.FieldVisitor::<init> (94 bytes)
Event: 19.103 Thread 0x00000215a4caac70 nmethod 5000 0x0000021599731810 code [0x0000021599731980, 0x0000021599731af8]
Event: 19.103 Thread 0x00000215a4caac70 6241       4       java.util.WeakHashMap::indexFor (6 bytes)
Event: 19.103 Thread 0x00000215a4caac70 nmethod 6241 0x0000021599731b90 code [0x0000021599731d00, 0x0000021599731d58]
Event: 19.103 Thread 0x00000215a4caac70 5523       4       net.bytebuddy.description.type.TypeDescription$Generic$OfNonGenericType$ForLoadedType::asErasure (8 bytes)

GC Heap History (20 events):
Event: 12.168 GC heap before
{Heap before GC invocations=23 (full 0):
 garbage-first heap   total 68608K, used 56117K [0x00000000c4400000, 0x0000000100000000)
  region size 1024K, 37 young (37888K), 4 survivors (4096K)
 Metaspace       used 47453K, committed 47872K, reserved 1097728K
  class space    used 6433K, committed 6656K, reserved 1048576K
}
Event: 12.175 GC heap after
{Heap after GC invocations=24 (full 0):
 garbage-first heap   total 68608K, used 22858K [0x00000000c4400000, 0x0000000100000000)
  region size 1024K, 3 young (3072K), 3 survivors (3072K)
 Metaspace       used 47453K, committed 47872K, reserved 1097728K
  class space    used 6433K, committed 6656K, reserved 1048576K
}
Event: 12.694 GC heap before
{Heap before GC invocations=24 (full 0):
 garbage-first heap   total 68608K, used 56650K [0x00000000c4400000, 0x0000000100000000)
  region size 1024K, 36 young (36864K), 3 survivors (3072K)
 Metaspace       used 50335K, committed 50752K, reserved 1097728K
  class space    used 6832K, committed 7040K, reserved 1048576K
}
Event: 12.700 GC heap after
{Heap after GC invocations=25 (full 0):
 garbage-first heap   total 82944K, used 23130K [0x00000000c4400000, 0x0000000100000000)
  region size 1024K, 3 young (3072K), 3 survivors (3072K)
 Metaspace       used 50335K, committed 50752K, reserved 1097728K
  class space    used 6832K, committed 7040K, reserved 1048576K
}
Event: 13.443 GC heap before
{Heap before GC invocations=25 (full 0):
 garbage-first heap   total 82944K, used 67162K [0x00000000c4400000, 0x0000000100000000)
  region size 1024K, 47 young (48128K), 3 survivors (3072K)
 Metaspace       used 54451K, committed 54912K, reserved 1097728K
  class space    used 7463K, committed 7680K, reserved 1048576K
}
Event: 13.450 GC heap after
{Heap after GC invocations=26 (full 0):
 garbage-first heap   total 82944K, used 24005K [0x00000000c4400000, 0x0000000100000000)
  region size 1024K, 4 young (4096K), 4 survivors (4096K)
 Metaspace       used 54451K, committed 54912K, reserved 1097728K
  class space    used 7463K, committed 7680K, reserved 1048576K
}
Event: 14.227 GC heap before
{Heap before GC invocations=26 (full 0):
 garbage-first heap   total 82944K, used 68037K [0x00000000c4400000, 0x0000000100000000)
  region size 1024K, 47 young (48128K), 4 survivors (4096K)
 Metaspace       used 58701K, committed 59264K, reserved 1105920K
  class space    used 8080K, committed 8320K, reserved 1048576K
}
Event: 14.241 GC heap after
{Heap after GC invocations=27 (full 0):
 garbage-first heap   total 82944K, used 24149K [0x00000000c4400000, 0x0000000100000000)
  region size 1024K, 4 young (4096K), 4 survivors (4096K)
 Metaspace       used 58701K, committed 59264K, reserved 1105920K
  class space    used 8080K, committed 8320K, reserved 1048576K
}
Event: 14.470 GC heap before
{Heap before GC invocations=27 (full 0):
 garbage-first heap   total 82944K, used 35413K [0x00000000c4400000, 0x0000000100000000)
  region size 1024K, 16 young (16384K), 4 survivors (4096K)
 Metaspace       used 59608K, committed 60096K, reserved 1105920K
  class space    used 8189K, committed 8448K, reserved 1048576K
}
Event: 14.479 GC heap after
{Heap after GC invocations=28 (full 0):
 garbage-first heap   total 82944K, used 25002K [0x00000000c4400000, 0x0000000100000000)
  region size 1024K, 3 young (3072K), 3 survivors (3072K)
 Metaspace       used 59608K, committed 60096K, reserved 1105920K
  class space    used 8189K, committed 8448K, reserved 1048576K
}
Event: 15.185 GC heap before
{Heap before GC invocations=29 (full 0):
 garbage-first heap   total 82944K, used 68010K [0x00000000c4400000, 0x0000000100000000)
  region size 1024K, 45 young (46080K), 3 survivors (3072K)
 Metaspace       used 62595K, committed 63104K, reserved 1105920K
  class space    used 8639K, committed 8832K, reserved 1048576K
}
Event: 15.195 GC heap after
{Heap after GC invocations=30 (full 0):
 garbage-first heap   total 82944K, used 26308K [0x00000000c4400000, 0x0000000100000000)
  region size 1024K, 5 young (5120K), 5 survivors (5120K)
 Metaspace       used 62595K, committed 63104K, reserved 1105920K
  class space    used 8639K, committed 8832K, reserved 1048576K
}
Event: 15.787 GC heap before
{Heap before GC invocations=30 (full 0):
 garbage-first heap   total 82944K, used 66244K [0x00000000c4400000, 0x0000000100000000)
  region size 1024K, 44 young (45056K), 5 survivors (5120K)
 Metaspace       used 64186K, committed 64768K, reserved 1105920K
  class space    used 8873K, committed 9152K, reserved 1048576K
}
Event: 15.798 GC heap after
{Heap after GC invocations=31 (full 0):
 garbage-first heap   total 82944K, used 27173K [0x00000000c4400000, 0x0000000100000000)
  region size 1024K, 4 young (4096K), 4 survivors (4096K)
 Metaspace       used 64186K, committed 64768K, reserved 1105920K
  class space    used 8873K, committed 9152K, reserved 1048576K
}
Event: 16.327 GC heap before
{Heap before GC invocations=31 (full 0):
 garbage-first heap   total 82944K, used 68133K [0x00000000c4400000, 0x0000000100000000)
  region size 1024K, 44 young (45056K), 4 survivors (4096K)
 Metaspace       used 64862K, committed 65408K, reserved 1105920K
  class space    used 8948K, committed 9216K, reserved 1048576K
}
Event: 16.337 GC heap after
{Heap after GC invocations=32 (full 0):
 garbage-first heap   total 82944K, used 27958K [0x00000000c4400000, 0x0000000100000000)
  region size 1024K, 4 young (4096K), 4 survivors (4096K)
 Metaspace       used 64862K, committed 65408K, reserved 1105920K
  class space    used 8948K, committed 9216K, reserved 1048576K
}
Event: 17.117 GC heap before
{Heap before GC invocations=32 (full 0):
 garbage-first heap   total 82944K, used 67894K [0x00000000c4400000, 0x0000000100000000)
  region size 1024K, 43 young (44032K), 4 survivors (4096K)
 Metaspace       used 67560K, committed 68160K, reserved 1114112K
  class space    used 9331K, committed 9600K, reserved 1048576K
}
Event: 17.140 GC heap after
{Heap after GC invocations=33 (full 0):
 garbage-first heap   total 100352K, used 29878K [0x00000000c4400000, 0x0000000100000000)
  region size 1024K, 5 young (5120K), 5 survivors (5120K)
 Metaspace       used 67560K, committed 68160K, reserved 1114112K
  class space    used 9331K, committed 9600K, reserved 1048576K
}
Event: 18.386 GC heap before
{Heap before GC invocations=33 (full 0):
 garbage-first heap   total 100352K, used 84150K [0x00000000c4400000, 0x0000000100000000)
  region size 1024K, 58 young (59392K), 5 survivors (5120K)
 Metaspace       used 71820K, committed 72384K, reserved 1114112K
  class space    used 9958K, committed 10240K, reserved 1048576K
}
Event: 18.402 GC heap after
{Heap after GC invocations=34 (full 0):
 garbage-first heap   total 100352K, used 32184K [0x00000000c4400000, 0x0000000100000000)
  region size 1024K, 6 young (6144K), 6 survivors (6144K)
 Metaspace       used 71820K, committed 72384K, reserved 1114112K
  class space    used 9958K, committed 10240K, reserved 1048576K
}

Deoptimization events (20 events):
Event: 18.414 Thread 0x000002158a1446c0 DEOPT PACKING pc=0x0000021591bf42b4 sp=0x0000001f42dfa620
Event: 18.414 Thread 0x000002158a1446c0 DEOPT UNPACKING pc=0x0000021598f466e3 sp=0x0000001f42df9b10 mode 1
Event: 18.423 Thread 0x000002158a1446c0 DEOPT PACKING pc=0x0000021591d6ec5c sp=0x0000001f42dfa1b0
Event: 18.423 Thread 0x000002158a1446c0 DEOPT UNPACKING pc=0x0000021598f466e3 sp=0x0000001f42df9718 mode 1
Event: 18.424 Thread 0x000002158a1446c0 DEOPT PACKING pc=0x0000021591d6ec5c sp=0x0000001f42dfa0e0
Event: 18.424 Thread 0x000002158a1446c0 DEOPT UNPACKING pc=0x0000021598f466e3 sp=0x0000001f42df9648 mode 1
Event: 18.424 Thread 0x000002158a1446c0 DEOPT PACKING pc=0x0000021591d6ec5c sp=0x0000001f42dfa0e0
Event: 18.424 Thread 0x000002158a1446c0 DEOPT UNPACKING pc=0x0000021598f466e3 sp=0x0000001f42df9648 mode 1
Event: 18.446 Thread 0x000002158a1446c0 Uncommon trap: trap_request=0xffffff45 fr.pc=0x0000021599510494 relative=0x0000000000001a34
Event: 18.446 Thread 0x000002158a1446c0 Uncommon trap: reason=unstable_if action=reinterpret pc=0x0000021599510494 method=sun.net.www.ParseUtil.match(CJJ)Z @ 13 c2
Event: 18.446 Thread 0x000002158a1446c0 DEOPT PACKING pc=0x0000021599510494 sp=0x0000001f42df9450
Event: 18.446 Thread 0x000002158a1446c0 DEOPT UNPACKING pc=0x0000021598f45ba3 sp=0x0000001f42df92e8 mode 2
Event: 18.446 Thread 0x000002158a1446c0 Uncommon trap: trap_request=0xffffff45 fr.pc=0x000002159951ab60 relative=0x00000000000000c0
Event: 18.446 Thread 0x000002158a1446c0 Uncommon trap: reason=unstable_if action=reinterpret pc=0x000002159951ab60 method=sun.net.www.ParseUtil.match(CJJ)Z @ 13 c2
Event: 18.446 Thread 0x000002158a1446c0 DEOPT PACKING pc=0x000002159951ab60 sp=0x0000001f42df9330
Event: 18.447 Thread 0x000002158a1446c0 DEOPT UNPACKING pc=0x0000021598f45ba3 sp=0x0000001f42df9250 mode 2
Event: 18.447 Thread 0x000002158a1446c0 DEOPT PACKING pc=0x0000021591c048fc sp=0x0000001f42df9820
Event: 18.447 Thread 0x000002158a1446c0 DEOPT UNPACKING pc=0x0000021598f466e3 sp=0x0000001f42df8cb8 mode 1
Event: 18.447 Thread 0x000002158a1446c0 DEOPT PACKING pc=0x0000021591c03ddc sp=0x0000001f42df98f0
Event: 18.447 Thread 0x000002158a1446c0 DEOPT UNPACKING pc=0x0000021598f466e3 sp=0x0000001f42df8da8 mode 1

Classes unloaded (2 events):
Event: 14.519 Thread 0x00000215a4c8c020 Unloading class 0x00000008010cc000 'net/bytebuddy/mirror/AccessibleObject'
Event: 14.519 Thread 0x00000215a4c8c020 Unloading class 0x0000000800e1c000 'jdk/internal/reflect/GeneratedConstructorAccessor8'

Classes redefined (2 events):
Event: 9.957 Thread 0x00000215a4c8c020 redefined class name=com.spring.agenciaDeViagens.service.TravelPackageService, count=1
Event: 9.959 Thread 0x00000215a4c8c020 redefined class name=java.lang.Object, count=1

Internal exceptions (20 events):
Event: 15.380 Thread 0x000002158a1446c0 Implicit null exception at 0x000002159954cee7 to 0x000002159954e730
Event: 15.868 Thread 0x000002158a1446c0 Exception <a 'java/lang/reflect/InvocationTargetException'{0x00000000c8e31c08}> (0x00000000c8e31c08) 
thrown [s\open\src\hotspot\share\runtime\reflection.cpp, line 1121]
Event: 16.762 Thread 0x000002158a1446c0 Exception <a 'sun/nio/fs/WindowsException'{0x00000000c7f37ae8}> (0x00000000c7f37ae8) 
thrown [s\open\src\hotspot\share\prims\jni.cpp, line 516]
Event: 16.766 Thread 0x000002158a1446c0 Exception <a 'sun/nio/fs/WindowsException'{0x00000000c7f46f40}> (0x00000000c7f46f40) 
thrown [s\open\src\hotspot\share\prims\jni.cpp, line 516]
Event: 16.955 Thread 0x000002158a1446c0 Exception <a 'java/lang/IncompatibleClassChangeError'{0x00000000c7578698}: Found class java.lang.Object, but interface was expected> (0x00000000c7578698) 
thrown [s\open\src\hotspot\share\interpreter\linkResolver.cpp, line 826]
Event: 17.270 Thread 0x000002158a1446c0 Exception <a 'java/lang/NoSuchMethodError'{0x00000000c9f9f5f8}: 'void java.lang.invoke.DirectMethodHandle$Holder.invokeInterface(java.lang.Object, java.lang.Object, int)'> (0x00000000c9f9f5f8) 
thrown [s\open\src\hotspot\share\interpreter\linkResolver.cpp, line 759]
Event: 17.278 Thread 0x000002158a1446c0 Exception <a 'java/lang/IncompatibleClassChangeError'{0x00000000c9ff09a8}: Found class java.lang.Object, but interface was expected> (0x00000000c9ff09a8) 
thrown [s\open\src\hotspot\share\interpreter\linkResolver.cpp, line 826]
Event: 17.280 Thread 0x000002158a1446c0 Exception <a 'java/lang/NoSuchMethodError'{0x00000000c9e022f8}: 'int java.lang.invoke.DirectMethodHandle$Holder.invokeSpecialIFC(java.lang.Object, java.lang.Object, java.lang.Object)'> (0x00000000c9e022f8) 
thrown [s\open\src\hotspot\share\interpreter\linkResolver.cpp, line 759]
Event: 17.282 Thread 0x000002158a1446c0 Exception <a 'java/lang/NoSuchMethodError'{0x00000000c9e107c8}: 'void java.lang.invoke.DirectMethodHandle$Holder.invokeStatic(java.lang.Object, int, java.lang.Object)'> (0x00000000c9e107c8) 
thrown [s\open\src\hotspot\share\interpreter\linkResolver.cpp, line 759]
Event: 17.363 Thread 0x000002158a1446c0 Exception <a 'java/lang/NoSuchMethodError'{0x00000000c9ce4e88}: 'java.lang.Object java.lang.invoke.DirectMethodHandle$Holder.invokeInterface(java.lang.Object, java.lang.Object, java.lang.Object, java.lang.Object)'> (0x00000000c9ce4e88) 
thrown [s\open\src\hotspot\share\interpreter\linkResolver.cpp, line 759]
Event: 17.481 Thread 0x000002158a1446c0 Exception <a 'java/lang/NoSuchMethodError'{0x00000000c9888170}: 'void java.lang.invoke.DirectMethodHandle$Holder.invokeVirtual(java.lang.Object, java.lang.Object, int)'> (0x00000000c9888170) 
thrown [s\open\src\hotspot\share\interpreter\linkResolver.cpp, line 759]
Event: 17.486 Thread 0x000002158a1446c0 Exception <a 'java/lang/NoSuchMethodError'{0x00000000c98b0100}: 'void java.lang.invoke.DirectMethodHandle$Holder.invokeVirtual(java.lang.Object, java.lang.Object, long)'> (0x00000000c98b0100) 
thrown [s\open\src\hotspot\share\interpreter\linkResolver.cpp, line 759]
Event: 17.924 Thread 0x000002158a1446c0 Exception <a 'java/lang/NoSuchMethodError'{0x00000000c85a24a8}: 'java.lang.Object java.lang.invoke.DirectMethodHandle$Holder.newInvokeSpecial(java.lang.Object, java.lang.Object, int, java.lang.Object, java.lang.Object)'> (0x00000000c85a24a8) 
thrown [s\open\src\hotspot\share\interpreter\linkResolver.cpp, line 759]
Event: 17.927 Thread 0x000002158a1446c0 Exception <a 'java/lang/NoSuchMethodError'{0x00000000c85adc90}: 'java.lang.Object java.lang.invoke.DirectMethodHandle$Holder.invokeSpecial(java.lang.Object, java.lang.Object, int, java.lang.Object, int, java.lang.Object)'> (0x00000000c85adc90) 
thrown [s\open\src\hotspot\share\interpreter\linkResolver.cpp, line 759]
Event: 17.927 Thread 0x000002158a1446c0 Exception <a 'java/lang/NoSuchMethodError'{0x00000000c85b6320}: 'java.lang.Object java.lang.invoke.DirectMethodHandle$Holder.newInvokeSpecial(java.lang.Object, java.lang.Object, int, java.lang.Object, int)'> (0x00000000c85b6320) 
thrown [s\open\src\hotspot\share\interpreter\linkResolver.cpp, line 759]
Event: 17.928 Thread 0x000002158a1446c0 Exception <a 'java/lang/NoSuchMethodError'{0x00000000c85ba970}: 'java.lang.Object java.lang.invoke.DirectMethodHandle$Holder.invokeSpecial(java.lang.Object, java.lang.Object, java.lang.Object, int, java.lang.Object, int)'> (0x00000000c85ba970) 
thrown [s\open\src\hotspot\share\interpreter\linkResolver.cpp, line 759]
Event: 18.041 Thread 0x000002158a1446c0 Exception <a 'java/lang/NoSuchMethodError'{0x00000000c8292b18}: 'java.lang.Object java.lang.invoke.DirectMethodHandle$Holder.newInvokeSpecial(java.lang.Object, java.lang.Object, java.lang.Object, java.lang.Object, int)'> (0x00000000c8292b18) 
thrown [s\open\src\hotspot\share\interpreter\linkResolver.cpp, line 759]
Event: 18.042 Thread 0x000002158a1446c0 Exception <a 'java/lang/NoSuchMethodError'{0x00000000c8297000}: 'java.lang.Object java.lang.invoke.DirectMethodHandle$Holder.invokeSpecial(java.lang.Object, java.lang.Object, java.lang.Object, java.lang.Object, java.lang.Object, int)'> (0x00000000c8297000) 
thrown [s\open\src\hotspot\share\interpreter\linkResolver.cpp, line 759]
Event: 18.043 Thread 0x000002158a1446c0 Exception <a 'java/lang/NoSuchMethodError'{0x00000000c829ad90}: 'java.lang.Object java.lang.invoke.Invokers$Holder.linkToTargetMethod(java.lang.Object, java.lang.Object, java.lang.Object, int, java.lang.Object)'> (0x00000000c829ad90) 
thrown [s\open\src\hotspot\share\interpreter\linkResolver.cpp, line 759]
Event: 18.447 Thread 0x000002158a1446c0 Exception <a 'java/lang/NoClassDefFoundError'{0x00000000ca4605d8}: (Ljava/lang/String;)V> (0x00000000ca4605d8) 
thrown [s\open\src\hotspot\share\classfile\systemDictionary.cpp, line 245]

VM Operations (20 events):
Event: 17.117 Executing VM operation: G1CollectForAllocation
Event: 17.140 Executing VM operation: G1CollectForAllocation done
Event: 17.430 Executing VM operation: ChangeBreakpoints
Event: 17.433 Executing VM operation: ChangeBreakpoints done
Event: 17.525 Executing VM operation: HandshakeAllThreads
Event: 17.525 Executing VM operation: HandshakeAllThreads done
Event: 17.588 Executing VM operation: HandshakeAllThreads
Event: 17.588 Executing VM operation: HandshakeAllThreads done
Event: 17.843 Executing VM operation: HandshakeAllThreads
Event: 17.843 Executing VM operation: HandshakeAllThreads done
Event: 17.884 Executing VM operation: HandshakeAllThreads
Event: 17.884 Executing VM operation: HandshakeAllThreads done
Event: 18.094 Executing VM operation: ICBufferFull
Event: 18.094 Executing VM operation: ICBufferFull done
Event: 18.153 Executing VM operation: HandshakeAllThreads
Event: 18.153 Executing VM operation: HandshakeAllThreads done
Event: 18.385 Executing VM operation: G1CollectForAllocation
Event: 18.402 Executing VM operation: G1CollectForAllocation done
Event: 18.403 Executing VM operation: Cleanup
Event: 18.404 Executing VM operation: Cleanup done

Events (20 events):
Event: 18.417 loading class org/springframework/aop/framework/CglibAopProxy$CglibMethodInvocation
Event: 18.417 loading class org/springframework/aop/framework/CglibAopProxy$CglibMethodInvocation done
Event: 18.418 loading class org/springframework/aop/framework/ReflectiveMethodInvocation
Event: 18.418 loading class org/springframework/aop/framework/ReflectiveMethodInvocation done
Event: 18.418 loading class org/springframework/aop/ProxyMethodInvocation
Event: 18.418 loading class org/springframework/aop/ProxyMethodInvocation done
Event: 18.420 loading class org/springframework/aop/framework/InterceptorAndDynamicMethodMatcher
Event: 18.420 loading class org/springframework/aop/framework/InterceptorAndDynamicMethodMatcher done
Event: 18.430 loading class org/hibernate/validator/internal/metadata/provider/AnnotationMetaDataProvider$NestedTypeArgumentLocation
Event: 18.430 loading class org/hibernate/validator/internal/metadata/provider/AnnotationMetaDataProvider$NestedTypeArgumentLocation done
Event: 18.438 loading class org/hibernate/validator/internal/engine/valueextraction/ValueExtractorDescriptor
Event: 18.438 loading class org/hibernate/validator/internal/engine/valueextraction/ValueExtractorDescriptor done
Event: 18.440 loading class org/hibernate/validator/internal/engine/validationcontext/ParameterExecutableValidationContext
Event: 18.440 loading class org/hibernate/validator/internal/engine/validationcontext/ParameterExecutableValidationContext done
Event: 18.442 loading class org/hibernate/validator/internal/engine/constraintvalidation/CrossParameterConstraintValidatorContextImpl
Event: 18.442 loading class org/hibernate/validator/internal/engine/constraintvalidation/CrossParameterConstraintValidatorContextImpl done
Event: 18.443 loading class org/hibernate/validator/constraintvalidation/HibernateCrossParameterConstraintValidatorContext
Event: 18.444 loading class org/hibernate/validator/constraintvalidation/HibernateCrossParameterConstraintValidatorContext done
Event: 18.445 loading class org/hibernate/validator/internal/engine/validationcontext/AbstractValidationContext$BeanGroupProcessedUnit
Event: 18.445 loading class org/hibernate/validator/internal/engine/validationcontext/AbstractValidationContext$BeanGroupProcessedUnit done


Dynamic libraries:
0x00007ff6e3680000 - 0x00007ff6e3690000 	C:\Program Files\Java\jdk-17\bin\javaw.exe
0x00007ffeee090000 - 0x00007ffeee288000 	C:\Windows\SYSTEM32\ntdll.dll
0x00007ffeec1c0000 - 0x00007ffeec27d000 	C:\Windows\System32\KERNEL32.DLL
0x00007ffeeba80000 - 0x00007ffeebd76000 	C:\Windows\System32\KERNELBASE.dll
0x00007ffeeb820000 - 0x00007ffeeb920000 	C:\Windows\System32\ucrtbase.dll
0x00007ffeaf670000 - 0x00007ffeaf689000 	C:\Program Files\Java\jdk-17\bin\jli.dll
0x00007ffeedfa0000 - 0x00007ffeee04f000 	C:\Windows\System32\ADVAPI32.dll
0x00007ffeede20000 - 0x00007ffeedebe000 	C:\Windows\System32\msvcrt.dll
0x00007ffeeccd0000 - 0x00007ffeecd6c000 	C:\Windows\System32\sechost.dll
0x00007ffeed570000 - 0x00007ffeed696000 	C:\Windows\System32\RPCRT4.dll
0x00007ffeecb30000 - 0x00007ffeeccce000 	C:\Windows\System32\USER32.dll
0x00007ffeebe60000 - 0x00007ffeebe82000 	C:\Windows\System32\win32u.dll
0x00007ffeedd30000 - 0x00007ffeedd5c000 	C:\Windows\System32\GDI32.dll
0x00007ffeebfd0000 - 0x00007ffeec0ea000 	C:\Windows\System32\gdi32full.dll
0x00007ffeebf00000 - 0x00007ffeebf9d000 	C:\Windows\System32\msvcp_win.dll
0x00007ffec9cf0000 - 0x00007ffec9d0b000 	C:\Program Files\Java\jdk-17\bin\VCRUNTIME140.dll
0x00007ffedc660000 - 0x00007ffedc8fa000 	C:\Windows\WinSxS\amd64_microsoft.windows.common-controls_6595b64144ccf1df_6.0.19041.3636_none_60b6a03d71f818d5\COMCTL32.dll
0x00007ffee1010000 - 0x00007ffee101a000 	C:\Windows\SYSTEM32\VERSION.dll
0x00007ffeedf70000 - 0x00007ffeedfa0000 	C:\Windows\System32\IMM32.DLL
0x00007ffee3060000 - 0x00007ffee306c000 	C:\Program Files\Java\jdk-17\bin\vcruntime140_1.dll
0x00007ffec2c90000 - 0x00007ffec2d1e000 	C:\Program Files\Java\jdk-17\bin\msvcp140.dll
0x00007ffeaa590000 - 0x00007ffeab16d000 	C:\Program Files\Java\jdk-17\bin\server\jvm.dll
0x00007ffeede10000 - 0x00007ffeede18000 	C:\Windows\System32\PSAPI.DLL
0x00007ffecf5c0000 - 0x00007ffecf5c9000 	C:\Windows\SYSTEM32\WSOCK32.dll
0x00007ffeedc60000 - 0x00007ffeedccb000 	C:\Windows\System32\WS2_32.dll
0x00007ffed6230000 - 0x00007ffed6257000 	C:\Windows\SYSTEM32\WINMM.dll
0x00007ffee9fb0000 - 0x00007ffee9fc2000 	C:\Windows\SYSTEM32\kernel.appcore.dll
0x00007ffee2a80000 - 0x00007ffee2a8a000 	C:\Program Files\Java\jdk-17\bin\jimage.dll
0x00007ffee9520000 - 0x00007ffee9704000 	C:\Windows\SYSTEM32\DBGHELP.DLL
0x00007ffec5cd0000 - 0x00007ffec5d04000 	C:\Windows\SYSTEM32\dbgcore.DLL
0x00007ffeebdd0000 - 0x00007ffeebe52000 	C:\Windows\System32\bcryptPrimitives.dll
0x00007ffec62c0000 - 0x00007ffec62fb000 	C:\Program Files\Java\jdk-17\bin\jdwp.dll
0x00007ffec4570000 - 0x00007ffec457e000 	C:\Program Files\Java\jdk-17\bin\instrument.dll
0x00007ffebd0d0000 - 0x00007ffebd0f5000 	C:\Program Files\Java\jdk-17\bin\java.dll
0x00007ffe9c390000 - 0x00007ffe9c467000 	C:\Program Files\Java\jdk-17\bin\jsvml.dll
0x00007ffeec310000 - 0x00007ffeeca55000 	C:\Windows\System32\SHELL32.dll
0x00007ffee9810000 - 0x00007ffee9fab000 	C:\Windows\SYSTEM32\windows.storage.dll
0x00007ffeed750000 - 0x00007ffeedaa4000 	C:\Windows\System32\combase.dll
0x00007ffeeb1b0000 - 0x00007ffeeb1dd000 	C:\Windows\SYSTEM32\Wldp.dll
0x00007ffeedec0000 - 0x00007ffeedf6d000 	C:\Windows\System32\SHCORE.dll
0x00007ffeecf70000 - 0x00007ffeecfc5000 	C:\Windows\System32\shlwapi.dll
0x00007ffeeb6a0000 - 0x00007ffeeb6c5000 	C:\Windows\SYSTEM32\profapi.dll
0x00007ffee18b0000 - 0x00007ffee18bc000 	C:\Program Files\Java\jdk-17\bin\dt_socket.dll
0x00007ffeeab90000 - 0x00007ffeeabcb000 	C:\Windows\SYSTEM32\IPHLPAPI.DLL
0x00007ffeeaea0000 - 0x00007ffeeaf0a000 	C:\Windows\system32\mswsock.dll
0x00007ffeeabe0000 - 0x00007ffeeacaa000 	C:\Windows\SYSTEM32\DNSAPI.dll
0x00007ffeec280000 - 0x00007ffeec288000 	C:\Windows\System32\NSI.dll
0x00007ffede980000 - 0x00007ffede98a000 	C:\Windows\System32\rasadhlp.dll
0x00007ffede110000 - 0x00007ffede190000 	C:\Windows\System32\fwpuclnt.dll
0x00007ffeebfa0000 - 0x00007ffeebfc7000 	C:\Windows\System32\bcrypt.dll
0x00007ffeb5590000 - 0x00007ffeb55a8000 	C:\Program Files\Java\jdk-17\bin\zip.dll
0x00007ffeb4690000 - 0x00007ffeb46a9000 	C:\Program Files\Java\jdk-17\bin\net.dll
0x00007ffee45a0000 - 0x00007ffee46aa000 	C:\Windows\SYSTEM32\WINHTTP.dll
0x00007ffeb4670000 - 0x00007ffeb4686000 	C:\Program Files\Java\jdk-17\bin\nio.dll
0x00007ffeb9c10000 - 0x00007ffeb9c20000 	C:\Program Files\Java\jdk-17\bin\verify.dll
0x00007ffedbf10000 - 0x00007ffedbf27000 	C:\Windows\SYSTEM32\dhcpcsvc6.DLL
0x00007ffee0e90000 - 0x00007ffee0ead000 	C:\Windows\SYSTEM32\dhcpcsvc.DLL
0x00007ffeeb090000 - 0x00007ffeeb0a8000 	C:\Windows\SYSTEM32\CRYPTSP.dll
0x00007ffeea770000 - 0x00007ffeea7a4000 	C:\Windows\system32\rsaenh.dll
0x00007ffeeb660000 - 0x00007ffeeb68e000 	C:\Windows\SYSTEM32\USERENV.dll
0x00007ffeeb0b0000 - 0x00007ffeeb0bc000 	C:\Windows\SYSTEM32\CRYPTBASE.dll
0x00007ffeb4660000 - 0x00007ffeb466d000 	C:\Program Files\Java\jdk-17\bin\sunmscapi.dll
0x00007ffeeb920000 - 0x00007ffeeba7d000 	C:\Windows\System32\CRYPT32.dll
0x00007ffeeb220000 - 0x00007ffeeb247000 	C:\Windows\SYSTEM32\ncrypt.dll
0x00007ffeeb1e0000 - 0x00007ffeeb21b000 	C:\Windows\SYSTEM32\NTASN1.dll
0x00007ffed1da0000 - 0x00007ffed1daa000 	C:\Program Files\Java\jdk-17\bin\management.dll
0x00007ffecf1a0000 - 0x00007ffecf1ab000 	C:\Program Files\Java\jdk-17\bin\management_ext.dll

dbghelp: loaded successfully - version: 4.0.5 - missing functions: none
symbol engine: initialized successfully - sym options: 0x614 - pdb path: .;C:\Program Files\Java\jdk-17\bin;C:\Windows\SYSTEM32;C:\Windows\WinSxS\amd64_microsoft.windows.common-controls_6595b64144ccf1df_6.0.19041.3636_none_60b6a03d71f818d5;C:\Program Files\Java\jdk-17\bin\server

VM Arguments:
jvm_args: -XX:+ShowCodeDetailsInExceptionMessages -agentlib:jdwp=transport=dt_socket,suspend=y,address=localhost:50465 -ea -javaagent:C:\Users\55219\eclipse\jee-2023-03\eclipse\configuration\org.eclipse.osgi\424\0\.cp\lib\javaagent-shaded.jar -Dfile.encoding=UTF-8 
java_command: org.eclipse.jdt.internal.junit.runner.RemoteTestRunner -version 3 -port 50464 -testLoaderClass org.eclipse.jdt.internal.junit5.runner.JUnit5TestLoader -loaderpluginname org.eclipse.jdt.junit5.runtime -test com.spring.agenciaDeViagens.controller.TravelPackageControllerIntegrationTest:saveTravelPackage_should_ReturnBadRequest_when_PriceIsNegative -uniqueId [engine:junit-jupiter]/[class:com.spring.agenciaDeViagens.controller.TravelPackageControllerIntegrationTest]/[method:saveTravelPackage_should_ReturnBadRequest_when_PriceIsNegative()]
java_class_path (initial): C:\Users\55219\OneDrive\Desktop\Cursos\projetoAda\agenciaDeViagens\target\test-classes;C:\Users\55219\OneDrive\Desktop\Cursos\projetoAda\agenciaDeViagens\target\classes;C:\Users\55219\.m2\repository\org\springframework\boot\spring-boot-starter-data-jpa\3.1.4\spring-boot-starter-data-jpa-3.1.4.jar;C:\Users\55219\.m2\repository\org\springframework\boot\spring-boot-starter-aop\3.1.4\spring-boot-starter-aop-3.1.4.jar;C:\Users\55219\.m2\repository\org\aspectj\aspectjweaver\1.9.20\aspectjweaver-1.9.20.jar;C:\Users\55219\.m2\repository\org\springframework\boot\spring-boot-starter-jdbc\3.1.4\spring-boot-starter-jdbc-3.1.4.jar;C:\Users\55219\.m2\repository\com\zaxxer\HikariCP\5.0.1\HikariCP-5.0.1.jar;C:\Users\55219\.m2\repository\org\springframework\spring-jdbc\6.0.12\spring-jdbc-6.0.12.jar;C:\Users\55219\.m2\repository\org\hibernate\orm\hibernate-core\6.2.9.Final\hibernate-core-6.2.9.Final.jar;C:\Users\55219\.m2\repository\jakarta\persistence\jakarta.persistence-api\3.1.0\jakarta.persistence-api-3.1.0.jar;C:\Users\55219\.m2\repository\jakarta\transaction\jakarta.transaction-api\2.0.1\jakarta.transaction-api-2.0.1.jar;C:\Users\55219\.m2\repository\org\jboss\logging\jboss-logging\3.5.3.Final\jboss-logging-3.5.3.Final.jar;C:\Users\55219\.m2\repository\org\hibernate\common\hibernate-commons-annotations\6.0.6.Final\hibernate-commons-annotations-6.0.6.Final.jar;C:\Users\55219\.m2\repository\io\smallrye\jandex\3.0.5\jandex-3.0.5.jar;C:\Users\55219\.m2\repository\com\fasterxml\classmate\1.5.1\classmate-1.5.1.jar;C:\Users\55219\.m2\repository\net\bytebuddy\byte-buddy\1.14.8\byte-buddy-1.14.8.jar;C:\Users\55219\.m2\repository\org\glassfish\jaxb\jaxb-runtime\4.0.3\jaxb-runtime-4.0.3.jar;C:\Users\55219\.m2\repository\org\glassfish\jaxb\jaxb-core\4.0.3\jaxb-core-4.0.3.jar;C:\Users\55219\.m2\repository\org\eclipse\angus\angus-activation\2.0.1\angus-activation-2.0.1.jar;C:\Users\55219\.m2\repository\org\glassfish\jaxb\txw2\4.0.3\txw2-4.0.3.jar;C:\Users\55219\.
Launcher Type: SUN_STANDARD

[Global flags]
     intx CICompilerCount                          = 2                                         {product} {ergonomic}
     uint ConcGCThreads                            = 1                                         {product} {ergonomic}
     uint G1ConcRefinementThreads                  = 2                                         {product} {ergonomic}
   size_t G1HeapRegionSize                         = 1048576                                   {product} {ergonomic}
    uintx GCDrainStackTargetSize                   = 64                                        {product} {ergonomic}
   size_t InitialHeapSize                          = 62914560                                  {product} {ergonomic}
   size_t MarkStackSize                            = 4194304                                   {product} {ergonomic}
   size_t MaxHeapSize                              = 1002438656                                {product} {ergonomic}
   size_t MaxNewSize                               = 600834048                                 {product} {ergonomic}
   size_t MinHeapDeltaBytes                        = 1048576                                   {product} {ergonomic}
   size_t MinHeapSize                              = 8388608                                   {product} {ergonomic}
    uintx NonNMethodCodeHeapSize                   = 5826188                                {pd product} {ergonomic}
    uintx NonProfiledCodeHeapSize                  = 122916026                              {pd product} {ergonomic}
    uintx ProfiledCodeHeapSize                     = 122916026                              {pd product} {ergonomic}
    uintx ReservedCodeCacheSize                    = 251658240                              {pd product} {ergonomic}
     bool SegmentedCodeCache                       = true                                      {product} {ergonomic}
     bool ShowCodeDetailsInExceptionMessages       = true                                   {manageable} {command line}
   size_t SoftMaxHeapSize                          = 1002438656                             {manageable} {ergonomic}
     bool UseCompressedClassPointers               = true                           {product lp64_product} {ergonomic}
     bool UseCompressedOops                        = true                           {product lp64_product} {ergonomic}
     bool UseG1GC                                  = true                                      {product} {ergonomic}
     bool UseLargePagesIndividualAllocation        = false                                  {pd product} {ergonomic}

Logging:
Log output configuration:
 #0: stdout all=warning uptime,level,tags
 #1: stderr all=off uptime,level,tags

Environment Variables:
JAVA_HOME=C:\Program Files\Java\jdk-17
PATH=C:/Program Files/Java/jdk-17/bin/server;C:/Program Files/Java/jdk-17/bin;C:\Program Files\Java\jdk-17\bin;C:\Program Files\Java\jdk-20\bin;C:\apache-maven-3.9.6\bin;C:\Program Files\Java\jdk-17\bin;C:\Program Files\Common Files\Oracle\Java\javapath;C:\Windows\system32;C:\Windows;C:\Windows\System32\Wbem;C:\Windows\System32\WindowsPowerShell\v1.0\;C:\Windows\System32\OpenSSH\;C:\Users\55219\AppData\Roaming\Microsoft\Windows\Start Menu\Programs\Python 3.10;C:\Program Files\Java\jdk-11.0.7\bin;C:\Users\55219\AppData\Local\Packages\PythonSoftwareFoundation.Python.3.10_qbz5n2kfra8p0\LocalCache\local-packages\Python310\Scripts;C:\Users\55219\AppData\Local\Packages\PythonSoftwareFoundation.Python.3.10_qbz5n2kfra8p0\LocalCache\local-packages\Python310\Scripts;C:\Program Files\Git\cmd;C:\Program Files\nodejs\;C:\Program Files\dotnet\;C:\Windows\system32;C:\Windows;C:\Windows\System32\Wbem;C:\Windows\System32\WindowsPowerShell\v1.0\;C:\Windows\System32\OpenSSH\;C:\Users\55219\AppData\Local\Microsoft\WindowsApps;C:\Users\55219\AppData\Roaming\Microsoft\Windows\Start Menu\Programs\Python 3.10;C:\Users\55219\AppData\Local\Programs\Microsoft VS Code\bin;C:\Users\55219\AppData\Roaming\npm;C:\Users\55219\.dotnet\tools;C:\Windows\system32;
USERNAME=55219
OS=Windows_NT
PROCESSOR_IDENTIFIER=Intel64 Family 6 Model 140 Stepping 1, GenuineIntel



---------------  S Y S T E M  ---------------

OS:
 Windows 10 , 64 bit Build 19041 (10.0.19041.3636)
OS uptime: 0 days 4:01 hours

CPU: total 2 (initial active 2) (2 cores per cpu, 1 threads per core) family 6 model 140 stepping 1 microcode 0x8a, cx8, cmov, fxsr, mmx, 3dnowpref, sse, sse2, sse3, ssse3, sse4.1, sse4.2, popcnt, lzcnt, tsc, tscinvbit, avx, avx2, aes, erms, clmul, bmi1, bmi2, adx, avx512f, avx512dq, avx512cd, avx512bw, avx512vl, sha, fma, vzeroupper, avx512_vpopcntdq, avx512_vpclmulqdq, avx512_vaes, avx512_vnni, clflush, clflushopt, clwb, avx512_vbmi2, avx512_vbmi

Memory: 4k page, system-wide physical 3819M (386M free)
TotalPageFile size 9195M (AvailPageFile size 4211M)
current process WorkingSet (physical memory assigned to process): 289M, peak: 298M
current process commit charge ("private bytes"): 316M, peak: 326M

vm_info: Java HotSpot(TM) 64-Bit Server VM (17.0.7+8-LTS-224) for windows-amd64 JRE (17.0.7+8-LTS-224), built on Feb 28 2023 23:03:02 by "mach5one" with MS VC++ 17.1 (VS2022)

END.
